# 
# by column: 
# energy [GeV], 
# best fit flux, 
# 1 sigma lower/upper limit, 
# 2 sigma lower/upper limit, 
# 3 sigma lower/upper limit
# all fluxes in [GeV^-1 cm^-1 s^-1 sr^-1]
# 
1.037393e+03 0.000000e+00 0.000000e+00 0.000000e+00 0.000000e+00 0.000000e+00 0.000000e+00 0.000000e+00
1.114977e+03 0.000000e+00 0.000000e+00 0.000000e+00 0.000000e+00 0.000000e+00 0.000000e+00 0.000000e+00
1.198362e+03 5.884864e-25 5.862617e-26 2.928146e-24 3.218425e-27 1.422211e-23 2.127381e-27 1.055485e-21
1.287984e+03 6.169444e-25 7.518014e-26 2.956074e-24 3.811356e-27 1.417767e-23 2.518046e-27 1.046919e-21
1.384308e+03 6.468323e-25 9.700650e-26 2.984288e-24 4.513524e-27 1.413340e-23 2.980452e-27 1.038422e-21
1.487836e+03 6.782232e-25 1.258398e-25 3.012791e-24 5.345051e-27 1.408928e-23 3.527773e-27 1.029995e-21
1.599107e+03 7.386791e-25 1.613674e-25 3.158482e-24 5.955084e-26 1.447266e-23 4.195402e-26 1.020363e-21
1.718699e+03 8.558454e-25 2.018144e-25 3.521148e-24 8.134696e-26 1.561233e-23 5.661100e-26 1.008763e-21
1.847235e+03 9.916350e-25 2.524495e-25 3.925530e-24 1.111955e-25 1.684193e-23 7.642633e-26 9.972959e-22
1.985384e+03 1.149015e-24 3.158513e-25 4.376435e-24 1.511129e-25 1.816857e-23 1.032305e-25 9.859593e-22
2.133864e+03 1.320946e-24 3.912079e-25 4.836320e-24 1.971148e-25 1.943508e-23 1.366495e-25 9.706008e-22
2.293449e+03 1.499975e-24 4.723862e-25 5.271016e-24 2.491109e-25 2.051615e-23 1.751994e-25 9.490986e-22
2.464969e+03 1.703402e-24 5.699357e-25 5.744916e-24 3.150109e-25 2.165756e-23 2.247818e-25 9.280731e-22
2.649316e+03 1.934567e-24 6.878289e-25 6.261567e-24 3.985634e-25 2.286268e-23 2.885812e-25 9.075138e-22
2.847450e+03 2.154428e-24 7.904489e-25 6.769258e-24 4.650491e-25 2.401158e-23 3.409311e-25 8.839228e-22
3.060402e+03 2.329021e-24 8.433487e-25 7.228355e-24 4.798797e-25 2.502366e-23 3.550284e-25 8.558384e-22
3.289279e+03 2.517796e-24 8.998183e-25 7.718673e-24 4.952497e-25 2.607856e-23 3.647607e-25 8.286467e-22
3.535274e+03 2.721907e-24 9.600998e-25 8.242340e-24 5.111773e-25 2.717812e-23 3.690900e-25 8.023195e-22
3.799666e+03 2.903882e-24 9.674709e-25 8.753766e-24 2.680929e-26 2.821124e-23 2.151763e-26 7.736615e-22
4.083831e+03 3.039112e-24 8.830244e-25 9.223551e-24 2.868043e-26 2.911407e-23 2.241298e-26 7.416090e-22
4.389247e+03 3.180910e-24 8.081338e-25 9.718576e-24 3.072993e-26 3.004592e-23 2.334925e-26 7.108852e-22
4.717505e+03 3.329618e-24 7.419482e-25 1.024020e-23 3.295309e-26 3.100773e-23 2.432799e-26 6.814352e-22
5.070313e+03 3.592663e-24 7.870299e-25 1.085502e-23 3.972157e-26 3.196709e-23 2.876438e-26 6.504144e-22
5.449505e+03 4.044301e-24 1.017958e-24 1.160418e-23 5.638011e-26 3.290817e-23 4.058987e-26 6.170966e-22
5.857056e+03 4.552751e-24 1.316937e-24 1.240514e-23 8.006725e-26 3.387714e-23 5.727896e-26 5.854872e-22
6.295087e+03 5.125167e-24 1.704094e-24 1.326147e-23 1.138120e-25 3.487483e-23 8.083257e-26 5.554985e-22
6.765876e+03 5.897022e-24 2.246863e-24 1.434521e-23 1.179530e-24 3.592415e-23 7.165018e-25 5.247168e-22
7.271874e+03 6.989617e-24 3.015214e-24 1.576174e-23 1.759761e-24 3.703599e-23 1.179192e-24 4.926915e-22
7.815715e+03 8.287465e-24 4.052782e-24 1.731946e-23 2.611153e-24 3.818263e-23 1.839955e-24 4.626230e-22
8.400227e+03 9.829450e-24 5.455063e-24 1.903253e-23 3.886186e-24 3.938018e-23 2.792513e-24 4.343917e-22
9.028453e+03 1.133090e-23 6.843563e-24 2.071239e-23 5.011466e-24 4.070936e-23 3.425799e-24 4.060876e-22
9.703663e+03 1.258459e-23 7.793520e-24 2.225647e-23 5.664815e-24 4.197436e-23 3.902993e-24 3.774603e-22
1.042937e+04 1.397836e-23 8.823202e-24 2.391660e-23 6.402797e-24 4.327921e-23 4.444134e-24 3.508533e-22
1.120935e+04 1.552793e-23 9.936395e-24 2.570156e-23 7.238048e-24 4.462518e-23 5.035326e-24 3.261240e-22
1.204766e+04 1.662760e-23 1.065753e-23 2.717449e-23 7.734886e-24 4.588279e-23 5.440677e-24 3.019077e-22
1.294867e+04 1.700678e-23 1.073931e-23 2.815365e-23 7.704840e-24 4.700861e-23 5.530563e-24 2.780722e-22
1.391705e+04 1.739706e-23 1.067378e-23 2.916912e-23 7.617271e-24 4.816237e-23 5.587610e-24 2.561206e-22
1.495787e+04 1.779894e-23 1.053230e-23 3.022231e-23 7.346946e-24 4.934478e-23 5.646186e-24 2.359038e-22
1.607652e+04 1.874495e-23 1.083989e-23 3.187827e-23 7.428292e-24 5.102779e-23 5.936116e-24 2.166011e-22
1.727883e+04 2.044105e-23 1.173845e-23 3.435614e-23 8.037050e-24 5.341587e-23 6.351506e-24 1.981264e-22
1.857106e+04 2.229439e-23 1.272018e-23 3.702773e-23 8.706337e-24 5.628227e-23 6.755902e-24 1.812291e-22
1.995993e+04 2.432008e-23 1.379433e-23 3.990831e-23 9.444402e-24 5.930275e-23 7.197853e-24 1.657744e-22
2.145267e+04 2.850334e-23 1.675852e-23 4.497795e-23 1.176853e-23 6.411663e-23 8.893269e-24 1.519697e-22
2.305704e+04 3.631218e-23 2.322898e-23 5.339415e-23 1.721973e-23 7.142950e-23 1.292559e-23 1.392417e-22
2.478141e+04 4.628002e-23 3.190400e-23 6.341542e-23 2.499733e-23 7.958298e-23 1.425247e-23 1.284138e-22
2.663473e+04 5.900743e-23 4.204526e-23 7.738422e-23 3.311929e-23 9.125868e-23 1.406591e-23 1.186560e-22
2.862666e+04 7.444313e-23 5.434888e-23 9.431514e-23 4.088360e-23 1.116533e-22 1.399632e-23 1.305916e-22
3.076755e+04 9.280647e-23 6.874250e-23 1.147958e-22 5.017939e-23 1.360288e-22 1.405565e-23 1.513601e-22
3.306856e+04 1.157376e-22 8.690978e-23 1.433223e-22 6.160110e-23 1.657820e-22 1.411545e-23 1.797244e-22
3.554165e+04 1.443786e-22 1.072085e-22 1.798559e-22 7.434059e-23 2.021066e-22 1.417573e-23 2.194389e-22
3.819970e+04 1.739230e-22 1.275428e-22 2.181572e-22 8.598323e-23 2.391568e-22 1.438087e-23 2.598067e-22
4.105653e+04 2.017394e-22 1.470832e-22 2.545818e-22 9.612538e-23 2.778669e-22 1.474885e-23 2.989450e-22
4.412702e+04 2.340243e-22 1.695572e-22 2.971140e-22 1.065918e-22 3.240576e-22 1.512674e-23 3.485260e-22
4.742714e+04 2.714978e-22 1.942852e-22 3.467807e-22 1.182071e-22 3.779574e-22 1.551481e-23 4.082502e-22
5.097406e+04 3.061102e-22 2.171637e-22 3.925624e-22 1.291720e-22 4.274641e-22 1.602791e-23 4.629530e-22
5.478625e+04 3.350432e-22 2.365536e-22 4.304818e-22 1.390078e-22 4.682315e-22 1.668245e-23 5.075862e-22
5.888354e+04 3.667177e-22 2.576801e-22 4.720718e-22 1.495973e-22 5.128951e-22 1.736448e-23 5.565299e-22
6.328725e+04 4.013939e-22 2.806990e-22 5.176881e-22 1.609986e-22 5.626087e-22 1.798767e-23 6.102009e-22
6.802031e+04 4.307791e-22 3.001733e-22 5.563391e-22 1.707571e-22 6.050106e-22 1.857548e-23 6.554834e-22
7.310733e+04 4.532880e-22 3.151122e-22 5.858861e-22 1.779741e-22 6.373613e-22 1.922933e-23 6.898373e-22
7.857479e+04 4.769748e-22 3.307963e-22 6.170040e-22 1.854982e-22 6.714432e-22 1.990707e-23 7.259932e-22
8.445115e+04 5.019012e-22 3.472628e-22 6.497763e-22 1.933427e-22 7.073490e-22 2.060959e-23 7.640457e-22
9.076698e+04 5.212758e-22 3.598464e-22 6.754813e-22 1.992343e-22 7.355396e-22 2.127586e-23 7.938108e-22
9.755516e+04 5.346202e-22 3.682457e-22 6.934846e-22 2.030597e-22 7.553139e-22 2.190291e-23 8.145633e-22
1.048510e+05 5.483065e-22 3.768415e-22 7.119680e-22 2.069593e-22 7.756201e-22 2.254912e-23 8.358585e-22
1.126925e+05 5.623437e-22 3.856385e-22 7.309443e-22 2.109346e-22 7.964724e-22 2.321508e-23 8.577106e-22
1.211204e+05 5.711806e-22 3.907626e-22 7.433535e-22 2.129441e-22 8.100505e-22 2.374234e-23 8.718051e-22
1.301786e+05 5.749577e-22 3.923374e-22 7.493499e-22 2.130742e-22 8.165238e-22 2.413186e-23 8.783358e-22
1.399142e+05 5.787597e-22 3.939187e-22 7.553947e-22 2.132047e-22 8.230488e-22 2.390125e-23 8.849156e-22
1.503780e+05 5.825870e-22 3.955065e-22 7.614883e-22 2.133355e-22 8.296260e-22 2.340986e-23 8.915446e-22
1.616243e+05 5.810522e-22 3.934492e-22 7.606082e-22 2.115901e-22 8.283997e-22 2.288211e-23 8.898149e-22
1.737116e+05 5.747520e-22 3.881783e-22 7.535024e-22 2.082064e-22 8.202138e-22 2.232549e-23 8.809328e-22
1.867030e+05 5.685206e-22 3.829782e-22 7.464637e-22 2.048770e-22 8.123221e-22 2.178326e-23 8.730420e-22
2.006659e+05 5.623571e-22 3.778480e-22 7.394913e-22 2.016010e-22 8.054320e-22 2.125503e-23 8.661975e-22
2.156730e+05 5.504951e-22 3.689911e-22 7.249022e-22 1.965221e-22 7.910161e-22 2.065386e-23 8.512473e-22
2.318025e+05 5.340620e-22 3.571748e-22 7.041687e-22 1.900245e-22 7.706289e-22 1.999794e-23 8.295462e-22
2.491383e+05 5.181216e-22 3.457382e-22 6.840314e-22 1.837422e-22 7.513596e-22 1.936332e-23 8.088931e-22
2.677706e+05 5.026590e-22 3.346690e-22 6.650143e-22 1.776682e-22 7.325754e-22 1.874927e-23 7.891898e-22
2.877963e+05 4.819373e-22 3.202110e-22 6.391458e-22 1.699826e-22 7.058520e-22 1.805330e-23 7.608878e-22
3.093196e+05 4.575628e-22 3.034339e-22 6.082647e-22 1.612027e-22 6.734456e-22 1.730237e-23 7.264080e-22
3.324527e+05 4.344268e-22 2.875393e-22 5.788838e-22 1.528779e-22 6.425357e-22 1.658294e-23 6.934998e-22
3.573157e+05 4.124664e-22 2.724810e-22 5.509300e-22 1.449844e-22 6.130530e-22 1.589368e-23 6.620914e-22
3.840383e+05 3.867459e-22 2.549770e-22 5.179011e-22 1.358921e-22 5.778374e-22 1.513300e-23 6.244795e-22
4.127593e+05 3.590188e-22 2.362049e-22 4.820765e-22 1.261786e-22 5.393626e-22 1.433291e-23 5.833152e-22
4.436282e+05 3.332907e-22 2.188219e-22 4.487449e-22 1.171625e-22 5.034654e-22 1.351796e-23 5.448811e-22
4.768057e+05 3.094170e-22 2.027250e-22 4.177324e-22 1.087938e-22 4.699727e-22 1.269512e-23 5.089958e-22
5.124645e+05 2.837347e-22 1.854175e-22 3.842812e-22 9.976765e-23 4.335516e-22 1.183137e-23 4.699948e-22
5.507901e+05 2.577299e-22 1.679224e-22 3.503012e-22 9.061487e-23 3.963323e-22 1.096160e-23 4.306666e-22
5.919819e+05 2.341244e-22 1.520887e-22 3.193467e-22 8.230685e-23 3.623304e-22 1.015622e-23 3.946521e-22
6.362544e+05 2.126963e-22 1.377582e-22 2.911477e-22 7.476548e-23 3.312671e-22 9.410483e-24 3.616714e-22
6.838378e+05 1.909622e-22 1.232142e-22 2.624837e-22 6.705246e-23 2.993899e-22 8.643662e-24 3.280405e-22
7.349799e+05 1.699618e-22 1.091846e-22 2.346934e-22 5.957028e-23 2.682820e-22 7.888234e-24 2.969287e-22
7.899467e+05 1.512905e-22 9.676615e-23 2.098706e-22 5.292993e-23 2.404337e-22 7.199419e-24 2.687914e-22
8.490243e+05 1.346894e-22 8.577324e-23 1.876976e-22 4.703647e-23 2.155026e-22 6.571332e-24 2.433436e-22
9.125201e+05 1.184523e-22 7.505317e-23 1.658950e-22 4.125990e-23 1.907227e-22 5.942958e-24 2.177851e-22
9.807646e+05 1.032770e-22 6.507723e-23 1.454055e-22 3.586252e-23 1.672850e-22 5.339670e-24 1.933282e-22
1.054113e+06 9.006947e-23 5.644381e-23 1.274765e-22 3.117981e-23 1.472273e-22 4.798356e-24 1.716472e-22
1.132947e+06 7.857371e-23 4.897167e-23 1.117871e-22 2.711684e-23 1.299401e-22 4.312631e-24 1.524259e-22
1.217676e+06 6.755587e-23 4.187369e-23 9.660392e-23 2.326652e-23 1.130046e-22 3.838899e-24 1.333671e-22
1.308742e+06 5.752031e-23 3.545785e-23 8.266599e-23 1.978337e-23 9.730448e-23 3.395039e-24 1.160964e-22
1.406619e+06 4.900466e-23 3.004522e-23 7.077633e-23 1.683195e-23 8.382306e-23 3.003367e-24 1.010969e-22
1.511815e+06 4.177763e-23 2.547818e-23 6.063253e-23 1.433072e-23 7.254894e-23 2.657717e-24 8.806865e-23
1.624879e+06 3.497413e-23 2.123553e-23 5.096626e-23 1.202623e-23 6.188844e-23 2.328445e-24 7.531242e-23
1.746399e+06 2.894935e-23 1.751254e-23 4.233440e-23 1.000297e-23 5.218403e-23 2.027007e-24 6.364635e-23
1.877006e+06 2.399918e-23 1.446707e-23 3.521265e-23 8.332098e-24 4.404117e-23 1.765569e-24 5.383382e-23
2.017382e+06 1.993045e-23 1.197480e-23 2.933482e-23 6.951775e-24 3.720699e-23 1.472525e-24 4.557848e-23
2.168255e+06 1.621384e-23 9.730146e-24 2.390054e-23 5.715574e-24 3.074049e-23 1.202712e-24 3.771882e-23
2.330412e+06 1.304645e-23 7.831666e-24 1.923736e-23 4.663409e-24 2.507225e-23 9.748162e-25 3.080263e-23
2.504696e+06 1.054304e-23 6.332979e-24 1.554490e-23 3.798917e-24 2.050113e-23 7.924692e-25 2.521595e-23
2.692014e+06 8.562332e-24 5.148569e-24 1.261825e-23 3.089470e-24 1.681244e-23 6.464493e-25 2.070041e-23
2.893342e+06 6.845700e-24 4.134219e-24 1.005488e-23 2.487995e-24 1.348718e-23 5.229115e-25 1.660901e-23
3.109725e+06 5.452447e-24 3.313663e-24 7.966729e-24 2.002680e-24 1.071554e-23 4.220894e-25 1.318984e-23
3.342292e+06 4.391500e-24 2.686118e-24 6.380478e-24 1.629973e-24 8.575791e-24 3.429046e-25 1.054905e-23
3.592251e+06 3.581034e-24 2.204618e-24 5.171848e-24 1.342814e-24 6.920670e-24 2.805921e-25 8.505612e-24
3.860904e+06 2.936728e-24 1.823793e-24 4.203703e-24 1.116093e-24 5.535262e-24 2.297060e-25 6.788611e-24
4.149649e+06 2.437845e-24 1.527816e-24 3.455364e-24 9.392324e-25 4.442746e-24 1.890669e-25 5.433309e-24
4.459988e+06 2.059690e-24 1.300963e-24 2.893531e-24 8.025738e-25 3.624735e-24 1.573083e-25 4.420110e-24
4.793536e+06 1.770650e-24 1.125690e-24 2.468163e-24 6.923925e-25 3.008640e-24 1.323778e-25 3.658277e-24
5.152030e+06 1.566472e-24 1.000415e-24 2.169087e-24 6.027717e-25 2.549333e-24 1.128495e-25 3.089342e-24
5.537333e+06 1.410251e-24 9.034983e-25 1.942227e-24 5.320634e-25 2.199995e-24 9.732344e-26 2.657136e-24
5.951453e+06 1.280712e-24 8.224105e-25 1.756313e-24 4.745033e-25 1.952805e-24 8.338573e-26 2.322132e-24
6.396543e+06 1.172282e-24 7.539795e-25 1.602375e-24 4.272236e-25 1.766506e-24 7.204736e-26 2.059435e-24
6.874920e+06 1.093795e-24 7.033371e-25 1.493532e-24 3.921452e-25 1.638166e-24 6.377836e-26 1.880425e-24
7.389074e+06 1.029486e-24 6.613283e-25 1.405599e-24 3.633663e-25 1.536367e-24 5.724100e-26 1.741105e-24
7.941679e+06 9.700172e-25 6.225033e-25 1.324397e-24 3.375580e-25 1.444042e-24 5.168370e-26 1.617781e-24
8.535612e+06 9.149331e-25 5.865625e-25 1.249276e-24 3.143265e-25 1.367012e-24 4.573209e-26 1.508058e-24
9.173963e+06 8.647985e-25 5.537113e-25 1.181665e-24 2.944940e-25 1.296121e-24 4.114907e-26 1.419456e-24
9.860054e+06 8.181198e-25 5.230831e-25 1.119026e-24 2.766533e-25 1.229688e-24 3.747955e-26 1.342546e-24
1.059746e+07 7.740667e-25 4.942210e-25 1.059848e-24 2.599732e-25 1.166779e-24 3.403094e-26 1.273903e-24
1.139001e+07 7.324842e-25 4.670181e-25 1.003931e-24 2.443716e-25 1.107200e-24 3.089719e-26 1.208897e-24
1.224183e+07 6.897897e-25 4.391980e-25 9.464574e-25 2.290060e-25 1.045368e-24 2.844493e-26 1.141486e-24
1.315736e+07 6.480163e-25 4.120442e-25 8.901623e-25 2.142706e-25 9.845095e-25 2.634685e-26 1.075154e-24
1.414135e+07 6.088113e-25 3.865930e-25 8.372689e-25 2.004977e-25 9.272486e-25 2.441863e-26 1.012739e-24
1.519894e+07 5.720139e-25 3.627361e-25 7.875678e-25 1.876234e-25 8.733686e-25 2.204263e-26 9.540066e-25
1.633562e+07 5.336339e-25 3.379384e-25 7.356237e-25 1.744439e-25 8.168257e-25 2.001107e-26 8.924792e-25
1.755731e+07 4.961417e-25 3.137667e-25 6.848022e-25 1.616890e-25 7.613698e-25 1.822094e-26 8.324015e-25
1.887036e+07 4.613058e-25 2.913368e-25 6.375240e-25 1.498731e-25 7.097130e-25 1.659735e-26 7.767915e-25
2.028162e+07 4.289361e-25 2.705220e-25 5.935394e-25 1.389266e-25 6.615923e-25 1.512409e-26 7.255871e-25
2.179842e+07 3.953491e-25 2.489956e-25 5.477968e-25 1.277319e-25 6.113588e-25 1.377065e-26 6.722866e-25
2.342865e+07 3.629274e-25 2.282597e-25 5.035658e-25 1.170001e-25 5.626777e-25 1.253323e-26 6.205961e-25
2.518080e+07 3.331778e-25 2.092581e-25 4.629262e-25 1.071736e-25 5.178947e-25 1.140795e-26 5.729105e-25
2.706400e+07 3.058789e-25 1.918449e-25 4.255845e-25 9.817569e-26 4.766954e-25 1.038455e-26 5.289164e-25
2.908803e+07 2.778626e-25 1.740360e-25 3.871625e-25 8.906295e-26 4.341519e-25 9.413909e-27 4.834766e-25
3.126343e+07 2.512423e-25 1.571502e-25 3.505868e-25 8.045145e-26 3.935708e-25 8.518605e-27 4.400195e-25
3.360152e+07 2.271808e-25 1.419074e-25 3.174793e-25 7.267485e-26 3.567969e-25 7.708852e-27 4.004871e-25
3.611447e+07 2.054312e-25 1.281472e-25 2.875099e-25 6.565196e-26 3.234717e-25 6.952103e-27 3.645230e-25
3.881535e+07 1.834527e-25 1.142927e-25 2.571374e-25 5.863798e-26 2.895767e-25 6.204345e-27 3.280525e-25
4.171823e+07 1.629658e-25 1.014049e-25 2.287697e-25 5.212374e-26 2.578605e-25 5.524368e-27 2.939239e-25
4.483821e+07 1.447728e-25 8.997371e-26 2.035407e-25 4.633470e-26 2.298085e-25 4.919151e-27 2.633586e-25
4.819151e+07 1.286162e-25 7.983405e-26 1.811021e-25 4.118993e-26 2.050875e-25 4.380449e-27 2.359832e-25
5.179560e+07 1.126329e-25 6.983850e-26 1.588361e-25 3.614668e-26 1.804611e-25 3.876946e-27 2.086367e-25
5.566923e+07 9.806872e-26 6.074703e-26 1.385060e-25 3.155672e-26 1.578950e-25 3.422967e-27 1.834695e-25
5.983255e+07 8.539238e-26 5.284159e-26 1.207849e-25 2.755067e-26 1.381585e-25 3.022309e-27 1.613471e-25
6.430724e+07 7.435855e-26 4.596713e-26 1.053371e-25 2.405412e-26 1.208959e-25 2.668690e-27 1.419001e-25
6.911657e+07 6.373897e-26 3.936982e-26 9.042629e-26 2.070640e-26 1.041590e-25 2.340364e-27 1.229728e-25
7.428558e+07 5.430756e-26 3.351894e-26 7.715846e-26 1.772814e-26 8.920685e-26 2.047094e-27 1.059711e-25
7.984116e+07 4.627488e-26 2.853933e-26 6.584213e-26 1.517898e-26 7.640654e-26 1.790679e-27 9.132610e-26
8.581223e+07 3.943301e-26 2.430097e-26 5.618953e-26 1.299699e-26 6.544757e-26 1.566473e-27 7.871032e-26
9.222985e+07 3.304990e-26 2.035446e-26 4.716212e-26 1.096312e-26 5.514954e-26 1.359791e-27 6.679898e-26
9.912743e+07 2.753279e-26 1.694671e-26 3.934585e-26 9.196965e-27 4.634712e-26 1.177077e-27 5.637198e-26
1.065409e+08 2.293854e-26 1.411053e-26 3.282781e-26 7.715784e-27 3.907883e-26 1.018981e-27 4.757635e-26
1.145087e+08 1.911247e-26 1.174987e-26 2.739189e-26 6.473523e-27 3.295293e-26 8.821765e-28 4.015625e-26
1.230724e+08 1.565247e-26 9.617475e-27 2.246598e-26 5.346930e-27 2.734744e-26 7.570706e-28 3.335866e-26
1.322766e+08 1.274234e-26 7.825184e-27 1.831609e-26 4.392401e-27 2.257006e-26 6.477424e-28 2.755917e-26
1.421692e+08 1.037428e-26 6.367470e-27 1.493430e-26 3.608533e-27 1.862898e-26 5.542448e-28 2.277008e-26
1.528016e+08 8.447121e-27 5.181767e-27 1.217815e-26 2.964765e-27 1.537749e-26 4.742790e-28 1.881499e-26
1.642291e+08 6.754173e-27 4.140936e-27 9.752237e-27 2.396061e-27 1.248193e-26 4.018049e-28 1.528849e-26
1.765113e+08 5.368277e-27 3.289381e-27 7.763061e-27 1.925933e-27 1.007564e-26 3.358510e-28 1.235457e-26
1.897120e+08 4.267286e-27 2.613241e-27 6.180431e-27 1.548194e-27 8.134217e-27 2.799965e-28 9.984904e-27
2.039000e+08 3.392519e-27 2.076319e-27 4.921088e-27 1.244658e-27 6.567663e-27 2.281895e-28 8.070738e-27
2.191490e+08 2.644265e-27 1.617437e-27 3.841557e-27 9.815605e-28 5.205675e-27 1.814022e-28 6.404076e-27
2.355384e+08 2.048359e-27 1.252208e-27 2.980388e-27 7.604555e-28 4.102425e-27 1.433461e-28 5.052420e-27
2.531536e+08 1.587007e-27 9.695977e-28 2.312675e-27 5.892380e-28 3.233528e-27 1.132869e-28 3.986726e-27
2.720862e+08 1.229767e-27 7.508819e-28 1.794864e-27 4.566330e-28 2.549084e-27 8.954152e-29 3.146348e-27
2.924346e+08 9.317987e-28 5.686920e-28 1.361867e-27 3.460878e-28 1.967085e-27 6.930239e-29 2.430489e-27
3.143049e+08 7.013698e-28 4.278807e-28 1.026474e-27 2.605824e-28 1.508474e-27 5.330514e-29 1.865726e-27
3.378107e+08 5.280429e-28 3.220008e-28 7.767368e-28 1.962391e-28 1.157060e-27 4.100759e-29 1.432548e-27
3.630745e+08 3.976373e-28 2.423698e-28 5.920385e-28 1.478109e-28 8.877210e-28 3.155245e-29 1.100211e-27
3.902277e+08 2.916856e-28 1.777858e-28 4.400584e-28 1.085261e-28 6.639905e-28 2.371510e-29 8.236020e-28
4.194116e+08 2.124091e-28 1.294763e-28 3.248214e-28 7.911538e-29 4.931679e-28 1.770836e-29 6.121887e-28
4.507780e+08 1.547249e-28 9.431916e-29 2.398371e-28 5.768938e-29 3.664162e-28 1.322630e-29 4.560138e-28
4.844903e+08 1.127388e-28 6.872654e-29 1.771424e-28 4.207628e-29 2.723318e-28 9.881075e-30 3.399482e-28
5.207238e+08 7.962611e-29 4.858073e-29 1.269500e-28 2.978778e-29 1.963048e-28 7.187611e-30 2.480352e-28
5.596671e+08 5.577961e-29 3.366716e-29 9.026449e-29 2.092285e-29 1.403775e-28 5.191953e-30 1.800196e-28
6.015228e+08 3.908827e-29 2.333703e-29 6.420559e-29 1.470055e-29 1.004271e-28 3.751669e-30 1.308075e-28
6.465087e+08 2.740088e-29 1.618126e-29 4.568735e-29 1.030406e-29 7.187643e-29 2.711837e-30 9.508981e-29
6.948591e+08 1.850243e-29 1.079864e-29 3.134866e-29 6.891441e-30 4.959723e-29 1.900669e-30 6.672885e-29
7.468254e+08 1.237714e-29 7.137411e-30 2.131640e-29 4.565967e-30 3.436790e-29 1.322051e-30 4.642225e-29
8.026781e+08 8.282338e-30 4.718770e-30 1.450049e-29 3.026009e-30 2.382613e-29 9.199652e-31 3.231143e-29
8.627078e+08 5.543994e-30 3.120547e-30 9.867800e-30 2.005950e-30 1.652541e-29 6.404316e-31 2.258550e-29
9.272270e+08 3.546156e-30 1.970050e-30 6.425642e-30 1.271308e-30 1.098837e-29 4.299607e-31 1.530379e-29
9.965713e+08 2.243713e-30 1.229939e-30 4.140529e-30 7.970805e-31 7.234240e-30 2.862260e-31 1.027299e-29
1.071102e+09 1.419934e-30 7.680064e-31 2.668810e-30 4.998444e-31 4.764495e-30 1.906232e-31 6.899163e-30
1.151206e+09 8.987923e-31 4.796452e-31 1.720676e-30 3.135073e-31 3.139061e-30 1.270060e-31 4.635429e-30
1.237301e+09 5.376346e-31 2.826309e-31 1.050683e-30 1.859278e-31 1.964598e-30 8.102824e-32 2.967521e-30
1.329835e+09 3.174846e-31 1.643487e-31 6.336923e-31 1.066520e-31 1.215338e-30 5.119803e-32 1.879221e-30
1.429289e+09 1.874983e-31 9.557572e-32 3.822406e-31 6.036488e-32 7.519661e-31 3.236060e-32 1.190350e-30
1.536181e+09 1.107417e-31 5.545646e-32 2.305933e-31 3.415263e-32 4.653457e-31 1.899522e-32 7.541912e-31
1.651067e+09 6.083007e-32 2.977526e-32 1.298599e-31 1.772126e-32 2.701195e-31 1.003625e-32 4.503739e-31
1.774545e+09 3.290000e-32 1.572651e-32 7.206249e-32 9.028825e-33 1.546626e-31 5.211925e-33 2.655614e-31
1.907258e+09 1.779599e-32 8.307791e-33 3.999251e-32 4.601773e-33 8.935572e-32 2.577295e-33 1.566026e-31
2.049895e+09 9.627124e-33 4.389500e-33 2.225780e-32 2.346270e-33 5.268796e-32 1.260542e-33 9.235802e-32
2.203200e+09 4.731733e-33 2.081227e-33 1.137745e-32 1.052929e-33 2.895945e-32 5.322293e-34 5.957747e-32
2.367971e+09 2.282381e-33 9.660485e-34 5.717394e-33 4.607484e-34 1.569464e-32 2.182142e-34 3.927712e-32
2.545064e+09 1.101597e-33 4.487078e-34 2.874143e-33 2.017349e-34 8.543003e-33 8.950002e-35 2.590486e-32
2.735401e+09 5.320260e-34 2.085560e-34 1.445369e-33 8.838073e-35 4.679397e-33 3.672210e-35 1.709227e-32
2.939973e+09 2.290605e-34 8.900661e-35 6.450133e-34 4.061776e-35 2.352500e-33 1.854935e-35 1.076229e-32
3.159844e+09 9.670201e-35 3.777622e-35 2.816813e-34 1.890801e-35 1.164132e-33 9.797553e-36 6.718764e-33
3.396159e+09 4.090767e-35 1.618209e-35 1.231339e-34 8.650509e-36 5.762816e-34 4.115715e-36 4.195666e-33
3.650147e+09 1.733714e-35 6.982204e-36 5.388228e-35 3.899249e-36 2.853847e-34 1.674777e-36 2.620806e-33
3.923129e+09 8.484255e-36 3.093720e-36 2.494641e-35 1.141694e-36 1.248515e-34 0.000000e+00 1.550741e-33
4.216528e+09 4.266562e-36 1.404556e-36 1.169642e-35 4.431221e-37 5.345853e-35 0.000000e+00 9.090690e-34
4.531868e+09 2.150279e-36 6.495013e-37 5.572996e-36 1.707751e-37 2.289630e-35 0.000000e+00 5.330261e-34
4.870792e+09 1.085890e-36 3.049214e-37 2.688260e-36 6.480903e-38 9.809400e-36 0.000000e+00 3.126018e-34
5.235064e+09 8.415290e-38 2.706269e-38 1.264030e-36 0.000000e+00 4.595665e-36 0.000000e+00 1.717225e-34
5.626577e+09 5.232166e-38 2.089889e-38 6.865290e-37 0.000000e+00 2.310941e-36 0.000000e+00 9.334324e-35
6.047371e+09 3.452895e-38 1.613896e-38 3.753752e-37 0.000000e+00 1.601596e-36 0.000000e+00 5.074468e-35
6.499635e+09 2.321155e-38 1.156925e-38 2.063740e-37 0.000000e+00 1.115499e-36 0.000000e+00 2.769437e-35
6.985722e+09 1.694434e-38 0.000000e+00 3.089236e-38 0.000000e+00 2.443808e-37 0.000000e+00 1.381689e-35
7.508161e+09 1.252981e-38 0.000000e+00 2.380446e-38 0.000000e+00 7.164911e-38 0.000000e+00 6.800621e-36
8.069673e+09 9.283644e-39 0.000000e+00 1.834280e-38 0.000000e+00 2.765350e-38 0.000000e+00 3.347623e-36
8.673178e+09 6.901165e-39 0.000000e+00 1.413425e-38 0.000000e+00 2.125260e-38 0.000000e+00 1.648063e-36
9.321817e+09 3.262262e-39 0.000000e+00 5.884536e-39 0.000000e+00 8.466871e-39 0.000000e+00 7.039735e-37
1.001897e+10 3.050118e-39 0.000000e+00 5.602479e-39 0.000000e+00 8.182801e-39 0.000000e+00 2.949435e-37
1.076825e+10 2.851770e-39 0.000000e+00 5.333941e-39 0.000000e+00 7.908261e-39 0.000000e+00 1.236106e-37
1.157358e+10 2.666321e-39 0.000000e+00 5.078275e-39 0.000000e+00 7.642933e-39 0.000000e+00 5.182120e-38
1.243913e+10 4.452083e-39 0.000000e+00 8.519867e-39 0.000000e+00 1.281881e-38 0.000000e+00 1.804544e-38
1.336941e+10 2.448855e-39 0.000000e+00 4.822945e-39 0.000000e+00 7.236574e-39 0.000000e+00 9.211948e-39
1.436927e+10 1.371377e-39 0.000000e+00 2.779265e-39 0.000000e+00 4.160373e-39 0.000000e+00 5.290916e-39
1.544390e+10 7.794069e-40 0.000000e+00 1.625418e-39 0.000000e+00 2.428118e-39 0.000000e+00 3.084842e-39
1.659890e+10 0.000000e+00 0.000000e+00 0.000000e+00 0.000000e+00 1.289148e-42 0.000000e+00 5.989303e-41
1.784028e+10 0.000000e+00 0.000000e+00 0.000000e+00 0.000000e+00 8.209106e-43 0.000000e+00 3.505485e-41
1.917449e+10 0.000000e+00 0.000000e+00 0.000000e+00 0.000000e+00 5.227439e-43 0.000000e+00 2.951278e-41
2.060849e+10 0.000000e+00 0.000000e+00 0.000000e+00 0.000000e+00 3.328756e-43 0.000000e+00 3.180152e-41
2.214974e+10 0.000000e+00 0.000000e+00 0.000000e+00 0.000000e+00 5.063707e-44 0.000000e+00 1.286540e-41
2.380624e+10 0.000000e+00 0.000000e+00 0.000000e+00 0.000000e+00 3.006988e-44 0.000000e+00 6.544361e-42
2.558664e+10 0.000000e+00 0.000000e+00 0.000000e+00 0.000000e+00 1.785643e-44 0.000000e+00 3.944440e-42
2.750018e+10 0.000000e+00 0.000000e+00 0.000000e+00 0.000000e+00 1.060371e-44 0.000000e+00 3.134670e-42
2.955683e+10 0.000000e+00 0.000000e+00 8.620130e-42 0.000000e+00 1.139542e-41 0.000000e+00 1.667920e-41
3.176729e+10 0.000000e+00 0.000000e+00 3.189545e-42 0.000000e+00 4.592372e-42 0.000000e+00 6.332851e-42
3.414307e+10 0.000000e+00 0.000000e+00 1.180168e-42 0.000000e+00 1.850733e-42 0.000000e+00 2.839474e-42
3.669652e+10 0.000000e+00 0.000000e+00 4.366754e-43 0.000000e+00 7.458486e-43 0.000000e+00 2.342977e-42
3.944093e+10 0.000000e+00 0.000000e+00 2.983225e-43 0.000000e+00 6.398264e-43 0.000000e+00 2.087318e-42
4.239059e+10 0.000000e+00 0.000000e+00 2.258849e-43 0.000000e+00 3.628603e-43 0.000000e+00 1.856002e-42
4.556085e+10 0.000000e+00 0.000000e+00 1.759969e-43 0.000000e+00 2.241261e-43 0.000000e+00 1.650893e-42
4.896820e+10 0.000000e+00 0.000000e+00 1.398374e-43 0.000000e+00 1.529410e-43 0.000000e+00 1.468958e-42
5.263038e+10 0.000000e+00 0.000000e+00 1.320199e-44 0.000000e+00 2.832632e-43 0.000000e+00 1.319087e-42
5.656644e+10 0.000000e+00 0.000000e+00 1.043742e-44 0.000000e+00 1.761635e-43 0.000000e+00 1.185270e-42
6.079686e+10 0.000000e+00 0.000000e+00 8.251758e-45 0.000000e+00 1.209456e-43 0.000000e+00 1.065040e-42
6.534366e+10 0.000000e+00 0.000000e+00 6.523790e-45 0.000000e+00 8.999315e-44 0.000000e+00 9.570171e-43
7.023051e+10 0.000000e+00 0.000000e+00 4.948979e-45 0.000000e+00 8.194423e-44 0.000000e+00 8.487897e-43
7.548282e+10 0.000000e+00 0.000000e+00 3.744997e-45 0.000000e+00 7.640785e-44 0.000000e+00 7.522138e-43
8.112794e+10 0.000000e+00 0.000000e+00 2.833919e-45 0.000000e+00 7.242031e-44 0.000000e+00 6.666303e-43
8.719524e+10 0.000000e+00 0.000000e+00 2.144487e-45 0.000000e+00 6.992804e-44 0.000000e+00 5.907876e-43
9.371630e+10 0.000000e+00 0.000000e+00 1.419494e-45 0.000000e+00 5.933133e-44 0.000000e+00 5.168153e-43
1.007250e+11 0.000000e+00 0.000000e+00 9.333455e-46 0.000000e+00 5.000206e-44 0.000000e+00 4.518143e-43
1.082579e+11 0.000000e+00 0.000000e+00 6.136934e-46 0.000000e+00 4.214963e-44 0.000000e+00 3.949906e-43
1.163542e+11 0.000000e+00 0.000000e+00 4.035157e-46 0.000000e+00 3.553871e-44 0.000000e+00 3.453154e-43
1.250560e+11 0.000000e+00 0.000000e+00 0.000000e+00 0.000000e+00 3.006211e-44 0.000000e+00 2.971538e-43
1.344085e+11 0.000000e+00 0.000000e+00 0.000000e+00 0.000000e+00 2.543270e-44 0.000000e+00 2.555499e-43
1.444605e+11 0.000000e+00 0.000000e+00 0.000000e+00 0.000000e+00 2.151626e-44 0.000000e+00 2.197721e-43
1.552642e+11 0.000000e+00 0.000000e+00 0.000000e+00 0.000000e+00 1.820297e-44 0.000000e+00 1.890043e-43
1.668760e+11 0.000000e+00 0.000000e+00 0.000000e+00 0.000000e+00 1.521886e-44 0.000000e+00 1.594156e-43
1.793561e+11 0.000000e+00 0.000000e+00 0.000000e+00 0.000000e+00 1.271958e-44 0.000000e+00 1.343817e-43
1.927695e+11 0.000000e+00 0.000000e+00 0.000000e+00 0.000000e+00 1.063084e-44 0.000000e+00 1.132799e-43
2.071862e+11 0.000000e+00 0.000000e+00 0.000000e+00 0.000000e+00 8.885202e-45 0.000000e+00 9.549232e-44
2.226810e+11 0.000000e+00 0.000000e+00 0.000000e+00 0.000000e+00 7.303252e-45 0.000000e+00 7.848799e-44
2.393346e+11 0.000000e+00 0.000000e+00 0.000000e+00 0.000000e+00 6.001002e-45 0.000000e+00 6.447937e-44
2.572336e+11 0.000000e+00 0.000000e+00 0.000000e+00 0.000000e+00 4.931017e-45 0.000000e+00 5.297164e-44
2.764713e+11 0.000000e+00 0.000000e+00 0.000000e+00 0.000000e+00 4.051860e-45 0.000000e+00 4.351822e-44
2.971477e+11 0.000000e+00 0.000000e+00 0.000000e+00 0.000000e+00 3.235202e-45 0.000000e+00 3.458397e-44
3.193704e+11 0.000000e+00 0.000000e+00 0.000000e+00 0.000000e+00 2.582437e-45 0.000000e+00 2.747483e-44
3.432551e+11 0.000000e+00 0.000000e+00 0.000000e+00 0.000000e+00 2.061452e-45 0.000000e+00 2.182760e-44
3.689261e+11 0.000000e+00 0.000000e+00 0.000000e+00 0.000000e+00 1.645629e-45 0.000000e+00 1.734156e-44
3.965169e+11 0.000000e+00 0.000000e+00 0.000000e+00 0.000000e+00 1.248343e-45 0.000000e+00 1.318921e-44
4.261711e+11 0.000000e+00 0.000000e+00 0.000000e+00 0.000000e+00 9.470074e-46 0.000000e+00 1.003103e-44
4.580431e+11 0.000000e+00 0.000000e+00 0.000000e+00 0.000000e+00 7.184898e-46 0.000000e+00 7.629474e-45
4.922987e+11 0.000000e+00 0.000000e+00 0.000000e+00 0.000000e+00 5.449016e-46 0.000000e+00 5.800726e-45
5.291162e+11 0.000000e+00 0.000000e+00 0.000000e+00 0.000000e+00 3.879605e-46 0.000000e+00 4.182629e-45
5.686871e+11 0.000000e+00 0.000000e+00 0.000000e+00 0.000000e+00 2.762809e-46 0.000000e+00 3.016134e-45
6.112174e+11 0.000000e+00 0.000000e+00 0.000000e+00 0.000000e+00 1.967926e-46 0.000000e+00 2.175135e-45
6.569284e+11 0.000000e+00 0.000000e+00 0.000000e+00 0.000000e+00 1.398836e-46 0.000000e+00 1.566745e-45
7.060579e+11 0.000000e+00 0.000000e+00 0.000000e+00 0.000000e+00 8.728921e-47 0.000000e+00 1.048494e-45
7.588618e+11 0.000000e+00 0.000000e+00 0.000000e+00 0.000000e+00 5.459545e-47 0.000000e+00 7.017665e-46
8.156146e+11 0.000000e+00 0.000000e+00 0.000000e+00 0.000000e+00 3.422513e-47 0.000000e+00 4.697614e-46
8.766118e+11 0.000000e+00 0.000000e+00 0.000000e+00 0.000000e+00 1.942015e-47 0.000000e+00 3.136835e-46
9.421709e+11 0.000000e+00 0.000000e+00 0.000000e+00 0.000000e+00 1.304807e-47 0.000000e+00 1.903243e-46
1.012633e+12 0.000000e+00 0.000000e+00 0.000000e+00 0.000000e+00 8.901507e-48 0.000000e+00 1.154935e-46
1.088364e+12 0.000000e+00 0.000000e+00 0.000000e+00 0.000000e+00 6.136513e-48 0.000000e+00 7.009402e-47
1.169760e+12 0.000000e+00 0.000000e+00 0.000000e+00 0.000000e+00 4.283309e-48 0.000000e+00 4.210018e-47
1.257242e+12 0.000000e+00 0.000000e+00 0.000000e+00 0.000000e+00 3.468918e-48 0.000000e+00 1.903699e-47
1.351267e+12 0.000000e+00 0.000000e+00 0.000000e+00 0.000000e+00 2.811097e-48 0.000000e+00 8.643643e-48
1.452324e+12 0.000000e+00 0.000000e+00 0.000000e+00 0.000000e+00 2.279453e-48 0.000000e+00 4.044277e-48
1.560939e+12 0.000000e+00 0.000000e+00 6.715493e-48 0.000000e+00 8.430991e-48 0.000000e+00 1.234184e-47
1.677677e+12 0.000000e+00 0.000000e+00 5.960662e-48 0.000000e+00 7.635932e-48 0.000000e+00 1.060976e-47
1.803145e+12 0.000000e+00 0.000000e+00 5.304983e-48 0.000000e+00 6.938629e-48 0.000000e+00 9.136210e-48
1.937996e+12 0.000000e+00 0.000000e+00 4.830861e-48 0.000000e+00 6.325331e-48 0.000000e+00 8.109941e-48
2.082933e+12 1.424656e-48 2.736277e-49 4.407890e-48 5.845684e-50 5.741714e-48 0.000000e+00 7.224995e-48
2.238709e+12 1.327594e-48 2.807335e-49 3.524053e-48 6.222345e-50 4.585964e-48 0.000000e+00 6.176423e-48
2.406135e+12 1.237541e-48 2.887702e-49 2.817569e-48 6.763878e-50 3.663117e-48 0.000000e+00 5.378783e-48
2.586082e+12 1.153968e-48 2.978265e-49 2.252824e-48 7.561436e-50 2.926189e-48 0.000000e+00 4.684468e-48
2.779487e+12 1.070547e-48 3.303815e-49 1.803049e-48 9.141942e-50 2.341423e-48 0.000000e+00 4.069238e-48
2.987356e+12 9.165793e-49 2.917463e-49 1.463289e-48 8.171906e-50 1.918496e-48 0.000000e+00 3.398877e-48
3.210770e+12 7.848827e-49 2.577777e-49 1.187627e-48 7.319929e-50 1.572081e-48 0.000000e+00 2.839105e-48
3.450894e+12 6.722172e-49 2.279026e-49 9.639559e-49 6.572041e-50 1.288316e-48 0.000000e+00 2.371651e-48
3.708975e+12 5.727097e-49 2.005361e-49 7.810827e-49 5.876744e-50 1.054034e-48 0.000000e+00 1.974051e-48
3.986358e+12 4.553969e-49 1.647747e-49 6.188542e-49 4.833397e-50 8.436224e-49 0.000000e+00 1.568267e-48
4.284485e+12 3.621696e-49 1.354052e-49 4.903422e-49 3.976293e-50 6.752455e-49 0.000000e+00 1.245964e-48
4.604907e+12 2.880713e-49 1.112828e-49 3.885346e-49 3.272038e-50 5.404994e-49 0.000000e+00 9.899537e-49
4.949294e+12 2.280433e-49 9.069933e-50 3.070704e-49 2.680208e-50 4.315887e-49 0.000000e+00 7.839088e-49
5.319436e+12 1.708430e-49 7.004106e-50 2.356395e-49 2.079321e-50 3.351616e-49 0.000000e+00 5.974306e-49
5.717259e+12 1.279984e-49 5.409327e-50 1.808342e-49 1.613271e-50 2.602914e-49 0.000000e+00 4.553222e-49
6.144835e+12 9.590444e-50 4.178069e-50 1.387829e-49 1.207575e-50 2.021560e-49 0.000000e+00 3.470242e-49
6.604388e+12 7.145603e-50 3.212532e-50 1.060277e-49 8.961958e-51 1.563550e-49 0.000000e+00 2.635485e-49
7.098309e+12 5.031399e-50 2.328633e-50 7.737814e-50 6.019776e-51 1.159733e-49 0.000000e+00 1.931520e-49
7.629169e+12 3.543007e-50 1.503962e-50 5.647540e-50 3.654747e-51 8.602712e-50 0.000000e+00 1.415657e-49
8.199730e+12 2.495104e-50 9.718435e-51 4.122328e-50 2.037548e-51 6.381809e-50 0.000000e+00 1.037618e-49
8.812962e+12 1.748246e-50 6.158152e-51 2.986775e-50 0.000000e+00 4.705123e-50 0.000000e+00 7.584240e-50
9.472055e+12 1.170025e-50 3.281770e-51 2.145479e-50 0.000000e+00 3.280218e-50 0.000000e+00 5.405500e-50
1.018044e+13 7.834939e-51 1.768920e-51 1.558573e-50 0.000000e+00 2.287124e-50 0.000000e+00 3.853210e-50
1.094180e+13 5.249550e-51 9.626762e-52 1.132255e-50 0.000000e+00 1.598497e-50 0.000000e+00 2.747086e-50
1.176010e+13 3.505416e-51 2.574460e-52 8.195665e-51 0.000000e+00 1.175146e-50 0.000000e+00 1.953679e-50
1.263961e+13 2.270274e-51 1.686068e-52 5.775267e-51 0.000000e+00 8.437733e-51 0.000000e+00 1.360498e-50
1.358488e+13 1.473676e-51 1.104822e-52 4.141552e-51 0.000000e+00 6.058798e-51 0.000000e+00 9.475734e-51
1.460085e+13 9.587490e-52 6.032224e-53 2.970405e-51 0.000000e+00 4.350846e-51 0.000000e+00 6.600829e-51
1.569280e+13 6.254105e-52 0.000000e+00 2.121335e-51 0.000000e+00 3.110428e-51 0.000000e+00 4.585841e-51
1.686642e+13 4.098561e-52 0.000000e+00 1.466168e-51 0.000000e+00 2.150204e-51 0.000000e+00 3.119641e-51
1.812780e+13 2.687944e-52 0.000000e+00 1.013383e-51 0.000000e+00 1.486441e-51 0.000000e+00 2.122273e-51
1.948352e+13 1.764108e-52 0.000000e+00 7.004528e-52 0.000000e+00 1.027601e-51 0.000000e+00 1.443806e-51
2.094063e+13 1.160014e-52 0.000000e+00 4.791793e-52 0.000000e+00 7.039400e-52 0.000000e+00 9.792070e-52
2.250672e+13 7.693803e-53 0.000000e+00 3.054586e-52 0.000000e+00 4.530794e-52 0.000000e+00 6.501813e-52
2.418992e+13 5.103720e-53 0.000000e+00 1.947239e-52 0.000000e+00 2.916290e-52 0.000000e+00 4.317270e-52
2.599901e+13 3.386108e-53 0.000000e+00 1.241362e-52 0.000000e+00 1.877175e-52 0.000000e+00 2.866808e-52
2.794339e+13 2.228035e-53 0.000000e+00 7.638385e-53 0.000000e+00 1.184993e-52 0.000000e+00 1.906522e-52
3.003319e+13 1.390731e-53 0.000000e+00 4.650561e-53 0.000000e+00 6.943464e-53 0.000000e+00 1.279707e-52
3.227928e+13 8.684216e-54 0.000000e+00 3.142630e-53 0.000000e+00 4.643535e-53 0.000000e+00 8.589771e-53
3.469334e+13 5.424787e-54 0.000000e+00 2.123684e-53 0.000000e+00 3.581199e-53 0.000000e+00 5.765735e-53
3.728795e+13 0.000000e+00 0.000000e+00 1.094797e-53 0.000000e+00 1.659101e-53 0.000000e+00 2.988333e-53
4.007659e+13 0.000000e+00 0.000000e+00 6.704833e-54 0.000000e+00 1.007500e-53 0.000000e+00 2.017053e-53
4.307379e+13 0.000000e+00 0.000000e+00 5.070430e-54 0.000000e+00 6.538319e-54 0.000000e+00 1.361858e-53
4.629514e+13 0.000000e+00 0.000000e+00 3.843253e-54 0.000000e+00 5.332167e-54 0.000000e+00 9.197565e-54
4.975741e+13 0.000000e+00 0.000000e+00 3.774462e-54 0.000000e+00 7.041856e-54 0.000000e+00 7.479482e-54
5.347861e+13 0.000000e+00 0.000000e+00 5.938035e-54 0.000000e+00 1.017762e-53 0.000000e+00 1.102366e-53
5.747810e+13 0.000000e+00 0.000000e+00 9.397572e-54 0.000000e+00 1.516255e-53 0.000000e+00 1.642960e-53
6.177671e+13 0.000000e+00 0.000000e+00 1.496924e-53 0.000000e+00 2.267046e-53 0.000000e+00 2.477612e-53
6.639679e+13 0.000000e+00 0.000000e+00 2.229836e-53 0.000000e+00 3.195547e-53 0.000000e+00 3.820784e-53
7.136240e+13 0.000000e+00 0.000000e+00 2.290479e-53 0.000000e+00 3.283988e-53 0.000000e+00 3.920910e-53
7.669936e+13 0.000000e+00 0.000000e+00 2.352773e-53 0.000000e+00 3.374877e-53 0.000000e+00 4.023668e-53
8.243546e+13 0.000000e+00 0.000000e+00 2.416763e-53 0.000000e+00 3.468283e-53 0.000000e+00 4.129127e-53
8.860055e+13 0.000000e+00 0.000000e+00 0.000000e+00 0.000000e+00 0.000000e+00 0.000000e+00 0.000000e+00
9.522670e+13 0.000000e+00 0.000000e+00 0.000000e+00 0.000000e+00 0.000000e+00 0.000000e+00 0.000000e+00
1.023484e+14 0.000000e+00 0.000000e+00 0.000000e+00 0.000000e+00 0.000000e+00 0.000000e+00 0.000000e+00
1.100027e+14 0.000000e+00 0.000000e+00 0.000000e+00 0.000000e+00 0.000000e+00 0.000000e+00 0.000000e+00
1.182295e+14 0.000000e+00 0.000000e+00 0.000000e+00 0.000000e+00 0.000000e+00 0.000000e+00 0.000000e+00
1.270715e+14 0.000000e+00 0.000000e+00 0.000000e+00 0.000000e+00 0.000000e+00 0.000000e+00 0.000000e+00
1.365747e+14 0.000000e+00 0.000000e+00 0.000000e+00 0.000000e+00 0.000000e+00 0.000000e+00 0.000000e+00
1.467887e+14 0.000000e+00 0.000000e+00 0.000000e+00 0.000000e+00 0.000000e+00 0.000000e+00 0.000000e+00
1.577666e+14 0.000000e+00 0.000000e+00 0.000000e+00 0.000000e+00 0.000000e+00 0.000000e+00 0.000000e+00
1.695655e+14 0.000000e+00 0.000000e+00 0.000000e+00 0.000000e+00 0.000000e+00 0.000000e+00 0.000000e+00
1.822467e+14 0.000000e+00 0.000000e+00 0.000000e+00 0.000000e+00 0.000000e+00 0.000000e+00 0.000000e+00
1.958764e+14 0.000000e+00 0.000000e+00 0.000000e+00 0.000000e+00 0.000000e+00 0.000000e+00 0.000000e+00
2.105253e+14 0.000000e+00 0.000000e+00 0.000000e+00 0.000000e+00 0.000000e+00 0.000000e+00 0.000000e+00
2.262699e+14 0.000000e+00 0.000000e+00 0.000000e+00 0.000000e+00 0.000000e+00 0.000000e+00 0.000000e+00
2.431919e+14 0.000000e+00 0.000000e+00 0.000000e+00 0.000000e+00 0.000000e+00 0.000000e+00 0.000000e+00
2.613794e+14 0.000000e+00 0.000000e+00 0.000000e+00 0.000000e+00 0.000000e+00 0.000000e+00 0.000000e+00
2.809271e+14 0.000000e+00 0.000000e+00 0.000000e+00 0.000000e+00 0.000000e+00 0.000000e+00 0.000000e+00
3.019368e+14 0.000000e+00 0.000000e+00 0.000000e+00 0.000000e+00 0.000000e+00 0.000000e+00 0.000000e+00
3.245177e+14 0.000000e+00 0.000000e+00 0.000000e+00 0.000000e+00 0.000000e+00 0.000000e+00 0.000000e+00
3.487873e+14 0.000000e+00 0.000000e+00 0.000000e+00 0.000000e+00 0.000000e+00 0.000000e+00 0.000000e+00
3.748720e+14 0.000000e+00 0.000000e+00 0.000000e+00 0.000000e+00 0.000000e+00 0.000000e+00 0.000000e+00
4.029075e+14 0.000000e+00 0.000000e+00 0.000000e+00 0.000000e+00 0.000000e+00 0.000000e+00 0.000000e+00
4.330396e+14 0.000000e+00 0.000000e+00 0.000000e+00 0.000000e+00 0.000000e+00 0.000000e+00 0.000000e+00
4.654253e+14 0.000000e+00 0.000000e+00 0.000000e+00 0.000000e+00 0.000000e+00 0.000000e+00 0.000000e+00
5.002330e+14 0.000000e+00 0.000000e+00 0.000000e+00 0.000000e+00 0.000000e+00 0.000000e+00 0.000000e+00
5.376438e+14 0.000000e+00 0.000000e+00 0.000000e+00 0.000000e+00 0.000000e+00 0.000000e+00 0.000000e+00
5.778525e+14 0.000000e+00 0.000000e+00 0.000000e+00 0.000000e+00 0.000000e+00 0.000000e+00 0.000000e+00
6.210682e+14 0.000000e+00 0.000000e+00 0.000000e+00 0.000000e+00 0.000000e+00 0.000000e+00 0.000000e+00
6.675159e+14 0.000000e+00 0.000000e+00 0.000000e+00 0.000000e+00 0.000000e+00 0.000000e+00 0.000000e+00
7.174373e+14 0.000000e+00 0.000000e+00 0.000000e+00 0.000000e+00 0.000000e+00 0.000000e+00 0.000000e+00
7.710922e+14 0.000000e+00 0.000000e+00 0.000000e+00 0.000000e+00 0.000000e+00 0.000000e+00 0.000000e+00
8.287597e+14 0.000000e+00 0.000000e+00 0.000000e+00 0.000000e+00 0.000000e+00 0.000000e+00 0.000000e+00
8.907400e+14 0.000000e+00 0.000000e+00 0.000000e+00 0.000000e+00 0.000000e+00 0.000000e+00 0.000000e+00
9.573556e+14 0.000000e+00 0.000000e+00 0.000000e+00 0.000000e+00 0.000000e+00 0.000000e+00 0.000000e+00
1.028953e+15 0.000000e+00 0.000000e+00 0.000000e+00 0.000000e+00 0.000000e+00 0.000000e+00 0.000000e+00
1.105905e+15 0.000000e+00 0.000000e+00 0.000000e+00 0.000000e+00 0.000000e+00 0.000000e+00 0.000000e+00
1.188612e+15 0.000000e+00 0.000000e+00 0.000000e+00 0.000000e+00 0.000000e+00 0.000000e+00 0.000000e+00
1.277505e+15 0.000000e+00 0.000000e+00 0.000000e+00 0.000000e+00 0.000000e+00 0.000000e+00 0.000000e+00
1.373045e+15 0.000000e+00 0.000000e+00 0.000000e+00 0.000000e+00 0.000000e+00 0.000000e+00 0.000000e+00
1.475731e+15 0.000000e+00 0.000000e+00 0.000000e+00 0.000000e+00 0.000000e+00 0.000000e+00 0.000000e+00
1.586096e+15 0.000000e+00 0.000000e+00 0.000000e+00 0.000000e+00 0.000000e+00 0.000000e+00 0.000000e+00
1.704716e+15 0.000000e+00 0.000000e+00 0.000000e+00 0.000000e+00 0.000000e+00 0.000000e+00 0.000000e+00
1.832206e+15 0.000000e+00 0.000000e+00 0.000000e+00 0.000000e+00 0.000000e+00 0.000000e+00 0.000000e+00
1.969231e+15 0.000000e+00 0.000000e+00 0.000000e+00 0.000000e+00 0.000000e+00 0.000000e+00 0.000000e+00
2.116503e+15 0.000000e+00 0.000000e+00 0.000000e+00 0.000000e+00 0.000000e+00 0.000000e+00 0.000000e+00
2.274790e+15 0.000000e+00 0.000000e+00 0.000000e+00 0.000000e+00 0.000000e+00 0.000000e+00 0.000000e+00
2.444914e+15 0.000000e+00 0.000000e+00 0.000000e+00 0.000000e+00 0.000000e+00 0.000000e+00 0.000000e+00
2.627761e+15 0.000000e+00 0.000000e+00 0.000000e+00 0.000000e+00 0.000000e+00 0.000000e+00 0.000000e+00
2.824283e+15 0.000000e+00 0.000000e+00 0.000000e+00 0.000000e+00 0.000000e+00 0.000000e+00 0.000000e+00
3.035502e+15 0.000000e+00 0.000000e+00 0.000000e+00 0.000000e+00 0.000000e+00 0.000000e+00 0.000000e+00
3.262518e+15 0.000000e+00 0.000000e+00 0.000000e+00 0.000000e+00 0.000000e+00 0.000000e+00 0.000000e+00
3.506511e+15 0.000000e+00 0.000000e+00 0.000000e+00 0.000000e+00 0.000000e+00 0.000000e+00 0.000000e+00
3.768752e+15 0.000000e+00 0.000000e+00 0.000000e+00 0.000000e+00 0.000000e+00 0.000000e+00 0.000000e+00
4.050605e+15 0.000000e+00 0.000000e+00 0.000000e+00 0.000000e+00 0.000000e+00 0.000000e+00 0.000000e+00
4.353537e+15 0.000000e+00 0.000000e+00 0.000000e+00 0.000000e+00 0.000000e+00 0.000000e+00 0.000000e+00
4.679124e+15 0.000000e+00 0.000000e+00 0.000000e+00 0.000000e+00 0.000000e+00 0.000000e+00 0.000000e+00
5.029060e+15 0.000000e+00 0.000000e+00 0.000000e+00 0.000000e+00 0.000000e+00 0.000000e+00 0.000000e+00
5.405168e+15 0.000000e+00 0.000000e+00 0.000000e+00 0.000000e+00 0.000000e+00 0.000000e+00 0.000000e+00
