# 
# by column: 
# energy [GeV], 
# 3 sigma lower/upper limit for cutoff at z=1
# 3 sigma lower/upper limit for flat evo above z=1
# 3 sigma lower/upper limit for citoff at z=3
# all fluxes in [GeV^-1 cm^-1 s^-1 sr^-1]
# 
1.037393e+03 0.000000e+00 0.000000e+00 0.000000e+00 0.000000e+00 0.000000e+00 0.000000e+00
1.114977e+03 0.000000e+00 0.000000e+00 0.000000e+00 0.000000e+00 0.000000e+00 0.000000e+00
1.198362e+03 2.127381e-27 1.055485e-21 5.159375e-24 1.608639e-21 9.468964e-24 1.170266e-21
1.287984e+03 2.518046e-27 1.046919e-21 4.630819e-24 1.581709e-21 8.859337e-24 1.158756e-21
1.384308e+03 2.980452e-27 1.038422e-21 4.147349e-24 1.560626e-21 8.135995e-24 1.147360e-21
1.487836e+03 3.527773e-27 1.029995e-21 3.704238e-24 1.540176e-21 7.272824e-24 1.136077e-21
1.599107e+03 4.195402e-26 1.020363e-21 3.588258e-24 1.513609e-21 7.008871e-24 1.123081e-21
1.718699e+03 5.661100e-26 1.008763e-21 3.974842e-24 1.477310e-21 7.638180e-24 1.107295e-21
1.847235e+03 7.642633e-26 9.972959e-22 4.405984e-24 1.441883e-21 8.327293e-24 1.091732e-21
1.985384e+03 1.032305e-25 9.859593e-22 4.886915e-24 1.407307e-21 9.082001e-24 1.076388e-21
2.133864e+03 1.366495e-25 9.706008e-22 5.138406e-24 1.369828e-21 2.658478e-25 1.056998e-21
2.293449e+03 1.751994e-25 9.490986e-22 4.854815e-24 1.327957e-21 2.691094e-25 1.031420e-21
2.464969e+03 2.247818e-25 9.280731e-22 4.525488e-24 1.288738e-21 2.724113e-25 1.006461e-21
2.649316e+03 2.885812e-25 9.075138e-22 3.955646e-24 1.250678e-21 2.757540e-25 9.821067e-22
2.847450e+03 3.409311e-25 8.839228e-22 0.000000e+00 1.209948e-21 0.000000e+00 9.546893e-22
3.060402e+03 3.550284e-25 8.558384e-22 0.000000e+00 1.165019e-21 0.000000e+00 9.226986e-22
3.289279e+03 3.647607e-25 8.286467e-22 0.000000e+00 1.121760e-21 0.000000e+00 1.010719e-21
3.535274e+03 3.690900e-25 8.023195e-22 0.000000e+00 1.080108e-21 0.000000e+00 1.117098e-21
3.799666e+03 2.151763e-26 7.736615e-22 2.884041e-25 1.036726e-21 7.923392e-25 1.275495e-21
4.083831e+03 2.241298e-26 7.416090e-22 5.657349e-25 9.905300e-22 1.358073e-24 1.526929e-21
4.389247e+03 2.334925e-26 7.108852e-22 1.109748e-24 9.463938e-22 2.266946e-24 1.828194e-21
4.717505e+03 2.432799e-26 6.814352e-22 2.176887e-24 9.042257e-22 3.784071e-24 2.397201e-21
5.070313e+03 2.876438e-26 6.504144e-22 2.082558e-23 8.611309e-22 2.088683e-23 3.233920e-21
5.449505e+03 4.058987e-26 6.170966e-22 2.609954e-23 8.163644e-22 2.090237e-23 3.990510e-21
5.857056e+03 5.727896e-26 5.854872e-22 2.789455e-23 7.739269e-22 2.091797e-23 4.925376e-21
6.295087e+03 8.083257e-26 5.554985e-22 2.805849e-23 7.336973e-22 2.093365e-23 6.286885e-21
6.765876e+03 7.165018e-25 5.247168e-22 2.819179e-23 6.933133e-22 2.089584e-23 7.863590e-21
7.271874e+03 1.179192e-24 4.926915e-22 2.828294e-23 6.523032e-22 2.078634e-23 9.126145e-21
7.815715e+03 1.839955e-24 4.626230e-22 2.837465e-23 6.137208e-22 2.065787e-23 1.059365e-20
8.400227e+03 2.792513e-24 4.343917e-22 2.846696e-23 6.280531e-22 2.048628e-23 1.229984e-20
9.028453e+03 3.425799e-24 4.060876e-22 2.840123e-23 7.051011e-22 2.027989e-23 1.388000e-20
9.703663e+03 3.902993e-24 3.774603e-22 2.806005e-23 7.793947e-22 2.002910e-23 1.511342e-20
1.042937e+04 4.444134e-24 3.508533e-22 2.772321e-23 8.615672e-22 1.978150e-23 1.646237e-20
1.120935e+04 5.035326e-24 3.261240e-22 2.739066e-23 9.524589e-22 1.953706e-23 1.793271e-20
1.204766e+04 5.440677e-24 3.019077e-22 2.704191e-23 1.042847e-21 1.918218e-23 1.921657e-20
1.294867e+04 5.530563e-24 2.780722e-22 2.667264e-23 1.128107e-21 1.879512e-23 2.017353e-20
1.391705e+04 5.587610e-24 2.561206e-22 2.630867e-23 1.220372e-21 1.841598e-23 2.117840e-20
1.495787e+04 5.646186e-24 2.359038e-22 2.594995e-23 1.322962e-21 1.804460e-23 2.223359e-20
1.607652e+04 5.936116e-24 2.166011e-22 2.560500e-23 1.428513e-21 1.770186e-23 2.317166e-20
1.727883e+04 6.351506e-24 1.981264e-22 2.527516e-23 1.539515e-21 1.739061e-23 2.393784e-20
1.857106e+04 6.755902e-24 1.812291e-22 2.494986e-23 1.661791e-21 1.708497e-23 2.472939e-20
1.995993e+04 7.197853e-24 1.657744e-22 2.462902e-23 1.793799e-21 1.678484e-23 2.554717e-20
2.145267e+04 8.893269e-24 1.519697e-22 2.435704e-23 1.926866e-21 1.655417e-23 2.633569e-20
2.305704e+04 1.292559e-23 1.392417e-22 2.413945e-23 2.058107e-21 1.640040e-23 2.708137e-20
2.478141e+04 1.425247e-23 1.284138e-22 2.392409e-23 2.198304e-21 1.624825e-23 2.784818e-20
2.663473e+04 1.406591e-23 1.186560e-22 2.371095e-23 2.348068e-21 1.609770e-23 2.863675e-20
2.862666e+04 1.399632e-23 1.305916e-22 2.358356e-23 2.492751e-21 1.605726e-23 2.939176e-20
3.076755e+04 1.405565e-23 1.513601e-22 2.355042e-23 2.628318e-21 1.613907e-23 3.010270e-20
3.306856e+04 1.411545e-23 1.797244e-22 2.351762e-23 2.771269e-21 1.622159e-23 3.083088e-20
3.554165e+04 1.417573e-23 2.194389e-22 2.348516e-23 2.922008e-21 1.630482e-23 3.157671e-20
3.819970e+04 1.438087e-23 2.598067e-22 2.356539e-23 3.057609e-21 1.652157e-23 3.219689e-20
4.105653e+04 1.474885e-23 2.989450e-22 2.376829e-23 3.173395e-21 1.688784e-23 3.267213e-20
4.412702e+04 1.512674e-23 3.485260e-22 2.397324e-23 3.293572e-21 1.726270e-23 3.315440e-20
4.742714e+04 1.551481e-23 4.082502e-22 2.418029e-23 3.418305e-21 1.764635e-23 3.364380e-20
5.097406e+04 1.602791e-23 4.629530e-22 2.449531e-23 3.519222e-21 1.814713e-23 3.391628e-20
5.478625e+04 1.668245e-23 5.075862e-22 2.479703e-23 3.593818e-21 1.877886e-23 3.395792e-20
5.888354e+04 1.736448e-23 5.565299e-22 2.505152e-23 3.674473e-21 1.943323e-23 3.399962e-20
6.328725e+04 1.798767e-23 6.102009e-22 2.530908e-23 3.756939e-21 1.992795e-23 3.404137e-20
6.802031e+04 1.857548e-23 6.554834e-22 2.563023e-23 3.814159e-21 2.047536e-23 3.384629e-20
7.310733e+04 1.922933e-23 6.898373e-22 2.601734e-23 3.853787e-21 2.108490e-23 3.341833e-20
7.857479e+04 1.990707e-23 7.259932e-22 2.641077e-23 3.893827e-21 2.171335e-23 3.299581e-20
8.445115e+04 2.060959e-23 7.640457e-22 2.681063e-23 3.934283e-21 2.236129e-23 3.259330e-20
9.076698e+04 2.127586e-23 7.938108e-22 2.718636e-23 3.945269e-21 2.297112e-23 3.204538e-20
9.755516e+04 2.190291e-23 8.145633e-22 2.753785e-23 3.927599e-21 2.354068e-23 3.135893e-20
1.048510e+05 2.254912e-23 8.358585e-22 2.789426e-23 3.910010e-21 2.412494e-23 3.073288e-20
1.126925e+05 2.321508e-23 8.577106e-22 2.825568e-23 3.892503e-21 2.472430e-23 3.014293e-20
1.211204e+05 2.374234e-23 8.718051e-22 2.849377e-23 3.845687e-21 2.518331e-23 2.941881e-20
1.301786e+05 2.413186e-23 8.783358e-22 2.807445e-23 3.772660e-21 2.550463e-23 2.856056e-20
1.399142e+05 2.390125e-23 8.849156e-22 2.727489e-23 3.701030e-21 2.502224e-23 2.772752e-20
1.503780e+05 2.340986e-23 8.915446e-22 2.649930e-23 3.630770e-21 2.444552e-23 2.691895e-20
1.616243e+05 2.288211e-23 8.898149e-22 2.571334e-23 3.533523e-21 2.383627e-23 2.597025e-20
1.737116e+05 2.232549e-23 8.809328e-22 2.492245e-23 3.414399e-21 2.320213e-23 2.491455e-20
1.867030e+05 2.178326e-23 8.730420e-22 2.415665e-23 3.299317e-21 2.258567e-23 2.390211e-20
2.006659e+05 2.125503e-23 8.661975e-22 2.341512e-23 3.188142e-21 2.198637e-23 2.293115e-20
2.156730e+05 2.065386e-23 8.512473e-22 2.262195e-23 3.054780e-21 2.131957e-23 2.182513e-20
2.318025e+05 1.999794e-23 8.295462e-22 2.179375e-23 2.908906e-21 2.060335e-23 2.063051e-20
2.491383e+05 1.936332e-23 8.088931e-22 2.099630e-23 2.786430e-21 1.991163e-23 1.950192e-20
2.677706e+05 1.874927e-23 7.891898e-22 2.022845e-23 2.669582e-21 1.924356e-23 1.843987e-20
2.877963e+05 1.805330e-23 7.608878e-22 1.939487e-23 2.534636e-21 1.849944e-23 1.726760e-20
3.093196e+05 1.730237e-23 7.264080e-22 1.852118e-23 2.388544e-21 1.770575e-23 1.602866e-20
3.324527e+05 1.658294e-23 6.934998e-22 1.768713e-23 2.250945e-21 1.694638e-23 1.487969e-20
3.573157e+05 1.589368e-23 6.620914e-22 1.689091e-23 2.121344e-21 1.621984e-23 1.381414e-20
3.840383e+05 1.513300e-23 6.244795e-22 1.603397e-23 1.979686e-21 1.542663e-23 1.267323e-20
4.127593e+05 1.433291e-23 5.833152e-22 1.514754e-23 1.833079e-21 1.459818e-23 1.155544e-20
4.436282e+05 1.351796e-23 5.448811e-22 1.421809e-23 1.697439e-21 1.374884e-23 1.053774e-20
4.768057e+05 1.269512e-23 5.089958e-22 1.332290e-23 1.571943e-21 1.290135e-23 9.611135e-21
5.124645e+05 1.183137e-23 4.699948e-22 1.239387e-23 1.439705e-21 1.201634e-23 8.631349e-21
5.507901e+05 1.096160e-23 4.306666e-22 1.146553e-23 1.307457e-21 1.112816e-23 7.660608e-21
5.919819e+05 1.015622e-23 3.946521e-22 1.060730e-23 1.187512e-21 1.030613e-23 6.801313e-21
6.362544e+05 9.410483e-24 3.616714e-22 9.813877e-24 1.078721e-21 9.545316e-24 6.040599e-21
6.838378e+05 8.643662e-24 3.280405e-22 9.003309e-24 9.673721e-22 8.765011e-24 5.270496e-21
7.349799e+05 7.888234e-24 2.969287e-22 8.208277e-24 8.593716e-22 7.997555e-24 4.557006e-21
7.899467e+05 7.199419e-24 2.687914e-22 7.484181e-24 7.636385e-22 7.297927e-24 3.945621e-21
8.490243e+05 6.571332e-24 2.433436e-22 6.824673e-24 6.787729e-22 6.660120e-24 3.419096e-21
9.125201e+05 5.942958e-24 2.177851e-22 6.167444e-24 5.942907e-22 6.022709e-24 2.909175e-21
9.807646e+05 5.339670e-24 1.933282e-22 5.538127e-24 5.170266e-22 5.411156e-24 2.445275e-21
1.054113e+06 4.798356e-24 1.716472e-22 4.973923e-24 4.500800e-22 4.862480e-24 2.059161e-21
1.132947e+06 4.312631e-24 1.524259e-22 4.468065e-24 3.920483e-22 4.370195e-24 1.737629e-21
1.217676e+06 3.838899e-24 1.333671e-22 3.976123e-24 3.359219e-22 3.890282e-24 1.440348e-21
1.308742e+06 3.395039e-24 1.160964e-22 3.516060e-24 2.847679e-22 3.440752e-24 1.181910e-21
1.406619e+06 3.003367e-24 1.010969e-22 3.110273e-24 2.417283e-22 3.044087e-24 9.742987e-22
1.511815e+06 2.657717e-24 8.806865e-23 2.752316e-24 2.055028e-22 2.694036e-24 8.072880e-22
1.624879e+06 2.328445e-24 7.531242e-23 2.412096e-24 1.716539e-22 2.360620e-24 6.603895e-22
1.746399e+06 2.027007e-24 6.364635e-23 2.101022e-24 1.419451e-22 2.055410e-24 5.382488e-22
1.877006e+06 1.765569e-24 5.383382e-23 1.831212e-24 1.177667e-22 1.790692e-24 4.430982e-22
2.017382e+06 1.472525e-24 4.557848e-23 1.521479e-24 9.807054e-23 1.490933e-24 3.686880e-22
2.168255e+06 1.202712e-24 3.771882e-23 1.246889e-24 8.044007e-23 1.218875e-24 3.067179e-22
2.330412e+06 9.748162e-25 3.080263e-23 1.014875e-24 6.559847e-23 9.890245e-25 2.568599e-22
2.504696e+06 7.924692e-25 2.521595e-23 8.289115e-25 5.390960e-23 8.050335e-25 2.182275e-22
2.692014e+06 6.464493e-25 2.070041e-23 6.797018e-25 4.467963e-23 6.576248e-25 1.880107e-22
2.893342e+06 5.229115e-25 1.660901e-23 5.534007e-25 3.685402e-23 5.328503e-25 1.639667e-22
3.109725e+06 4.220894e-25 1.318984e-23 4.500932e-25 3.051869e-23 4.309553e-25 1.444430e-22
3.342292e+06 3.429046e-25 1.054905e-23 3.686298e-25 2.561657e-23 3.508646e-25 1.284320e-22
3.592251e+06 2.805921e-25 8.505612e-24 3.042315e-25 2.179734e-23 2.877813e-25 1.151428e-22
3.860904e+06 2.297060e-25 6.788611e-24 2.515100e-25 1.876010e-23 2.362452e-25 1.041898e-22
4.149649e+06 1.890669e-25 5.433309e-24 2.091667e-25 1.633421e-23 1.950392e-25 9.468802e-23
4.459988e+06 1.573083e-25 4.420110e-24 1.757924e-25 1.439192e-23 1.627766e-25 8.623574e-23
4.793536e+06 1.323778e-25 3.658277e-24 1.493462e-25 1.281829e-23 1.373962e-25 7.868979e-23
5.152030e+06 1.128495e-25 3.089342e-24 1.284500e-25 1.159387e-23 1.174944e-25 7.170748e-23
5.537333e+06 9.732344e-26 2.657136e-24 1.108238e-25 1.057195e-23 1.014279e-25 6.533696e-23
5.951453e+06 8.338573e-26 2.322132e-24 9.535188e-26 9.674845e-24 8.699466e-26 5.960944e-23
6.396543e+06 7.204736e-26 2.059435e-24 8.298537e-26 8.882606e-24 7.538292e-26 5.438864e-23
6.874920e+06 6.377836e-26 1.880425e-24 7.375828e-26 8.198500e-24 6.686929e-26 4.916391e-23
7.389074e+06 5.724100e-26 1.741105e-24 6.632534e-26 7.583317e-24 6.010355e-26 4.421846e-23
7.941679e+06 5.168370e-26 1.617781e-24 5.940023e-26 7.017237e-24 5.432868e-26 3.977258e-23
8.535612e+06 4.573209e-26 1.508058e-24 5.232099e-26 6.504215e-24 4.786122e-26 3.577558e-23
9.173963e+06 4.114907e-26 1.419456e-24 4.708993e-26 6.007516e-24 4.310351e-26 3.187369e-23
9.860054e+06 3.747955e-26 1.342546e-24 4.277631e-26 5.536399e-24 3.926986e-26 2.826248e-23
1.059746e+07 3.403094e-26 1.273903e-24 3.862567e-26 5.102493e-24 3.560259e-26 2.506175e-23
1.139001e+07 3.089719e-26 1.208897e-24 3.500807e-26 4.702836e-24 3.233136e-26 2.222468e-23
1.224183e+07 2.844493e-26 1.141486e-24 3.210290e-26 4.305827e-24 2.974448e-26 1.952876e-23
1.315736e+07 2.634685e-26 1.075154e-24 2.958964e-26 3.929294e-24 2.751992e-26 1.708139e-23
1.414135e+07 2.441863e-26 1.012739e-24 2.677888e-26 3.585810e-24 2.534754e-26 1.494132e-23
1.519894e+07 2.204263e-26 9.540066e-25 2.407533e-26 3.272462e-24 2.284240e-26 1.306989e-23
1.633562e+07 2.001107e-26 8.924792e-25 2.177655e-26 2.964437e-24 2.071764e-26 1.134879e-23
1.755731e+07 1.822094e-26 8.324015e-25 1.974902e-26 2.675888e-24 1.884261e-26 9.819507e-24
1.887036e+07 1.659735e-26 7.767915e-25 1.791604e-26 2.415493e-24 1.714352e-26 8.498431e-24
2.028162e+07 1.512409e-26 7.255871e-25 1.625828e-26 2.180498e-24 1.560315e-26 7.360690e-24
2.179842e+07 1.377065e-26 6.722866e-25 1.474354e-26 1.952450e-24 1.418809e-26 6.344366e-24
2.342865e+07 1.253323e-26 6.205961e-25 1.336512e-26 1.741748e-24 1.289539e-26 5.456171e-24
2.518080e+07 1.140795e-26 5.729105e-25 1.211640e-26 1.553824e-24 1.172139e-26 4.692387e-24
2.706400e+07 1.038455e-26 5.289164e-25 1.098508e-26 1.386650e-24 1.065509e-26 4.035577e-24
2.908803e+07 9.413909e-27 4.834766e-25 9.922628e-27 1.227337e-24 9.646154e-27 3.458482e-24
3.126343e+07 8.518605e-27 4.400195e-25 8.948485e-27 1.082215e-24 8.717146e-27 2.959325e-24
3.360152e+07 7.708852e-27 4.004871e-25 8.070322e-27 9.542791e-25 7.877995e-27 2.532244e-24
3.611447e+07 6.952103e-27 3.645230e-25 7.228311e-27 8.414896e-25 7.085285e-27 2.166827e-24
3.881535e+07 6.204345e-27 3.280525e-25 6.433386e-27 7.350546e-25 6.315904e-27 1.847198e-24
4.171823e+07 5.524368e-27 2.939239e-25 5.713981e-27 6.395367e-25 5.617470e-27 1.572241e-24
4.483821e+07 4.919151e-27 2.633586e-25 5.075232e-27 5.564473e-25 4.996500e-27 1.338234e-24
4.819151e+07 4.380449e-27 2.359832e-25 4.508070e-27 4.841670e-25 4.444373e-27 1.139074e-24
5.179560e+07 3.876946e-27 2.086367e-25 3.981784e-27 4.169889e-25 3.929758e-27 9.642955e-25
5.566923e+07 3.422967e-27 1.834695e-25 3.509049e-27 3.576591e-25 3.466486e-27 8.145586e-25
5.983255e+07 3.022309e-27 1.613471e-25 3.092587e-27 3.067813e-25 3.057985e-27 6.880904e-25
6.430724e+07 2.668690e-27 1.419001e-25 2.725680e-27 2.631500e-25 2.697759e-27 5.812723e-25
6.911657e+07 2.340364e-27 1.229728e-25 2.386915e-27 2.232551e-25 2.364135e-27 4.870803e-25
7.428558e+07 2.047094e-27 1.059711e-25 2.085150e-27 1.886116e-25 2.066516e-27 4.068928e-25
7.984116e+07 1.790679e-27 9.132610e-26 1.821634e-27 1.593508e-25 1.806466e-27 3.399218e-25
8.581223e+07 1.566473e-27 7.871032e-26 1.591506e-27 1.346351e-25 1.579230e-27 2.839864e-25
9.222985e+07 1.359791e-27 6.679898e-26 1.380199e-27 1.123983e-25 1.370169e-27 2.345957e-25
9.912743e+07 1.177077e-27 5.637198e-26 1.193738e-27 9.342467e-26 1.185526e-27 1.930034e-25
1.065409e+08 1.018981e-27 4.757635e-26 1.032533e-27 7.765847e-26 1.025831e-27 1.587979e-25
1.145087e+08 8.821765e-28 4.015625e-26 8.931527e-28 6.455667e-26 8.877044e-28 1.306651e-25
1.230724e+08 7.570706e-28 3.335866e-26 7.660101e-28 5.294692e-26 7.615615e-28 1.059390e-25
1.322766e+08 6.477424e-28 2.755917e-26 6.550302e-28 4.322260e-26 6.513957e-28 8.545584e-26
1.421692e+08 5.542448e-28 2.277008e-26 5.601707e-28 3.528726e-26 5.572084e-28 6.894247e-26
1.528016e+08 4.742790e-28 1.881499e-26 4.790838e-28 2.881122e-26 4.766755e-28 5.562765e-26
1.642291e+08 4.018049e-28 1.528849e-26 4.057013e-28 2.315718e-26 4.037481e-28 4.406055e-26
1.765113e+08 3.358510e-28 1.235457e-26 3.384562e-28 1.851694e-26 3.371387e-28 3.468856e-26
1.897120e+08 2.799965e-28 9.984904e-27 2.820587e-28 1.480842e-26 2.810170e-28 2.731587e-26
2.039000e+08 2.281895e-28 8.070738e-27 2.290601e-28 1.184415e-26 2.286684e-28 2.151469e-26
2.191490e+08 1.814022e-28 6.404076e-27 1.820466e-28 9.297451e-27 1.817605e-28 1.656986e-26
2.355384e+08 1.433461e-28 5.052420e-27 1.438222e-28 7.256005e-27 1.436141e-28 1.267361e-26
2.531536e+08 1.132869e-28 3.986726e-27 1.136370e-28 5.663900e-27 1.134869e-28 9.696411e-27
2.720862e+08 8.954152e-29 3.146348e-27 8.979738e-29 4.421982e-27 8.969013e-29 7.420765e-27
2.924346e+08 6.930239e-29 2.430489e-27 6.948815e-29 3.375399e-27 6.941215e-29 5.531161e-27
3.143049e+08 5.330514e-29 1.865726e-27 5.343948e-29 2.559554e-27 5.338601e-29 4.091030e-27
3.378107e+08 4.100759e-29 1.432548e-27 4.110435e-29 1.941445e-27 4.106709e-29 3.026958e-27
3.630745e+08 3.155245e-29 1.100211e-27 3.162183e-29 1.473009e-27 3.159616e-29 2.240441e-27
3.902277e+08 2.371510e-29 8.236020e-28 2.376417e-29 1.087738e-27 2.374667e-29 1.608604e-27
4.194116e+08 1.770836e-29 6.121887e-28 1.774285e-29 7.972451e-28 1.773105e-29 1.145219e-27
4.507780e+08 1.322630e-29 4.560138e-28 1.325046e-29 5.845481e-28 1.324259e-29 8.156136e-28
4.844903e+08 9.881075e-30 3.399482e-28 9.897916e-30 4.294664e-28 9.892754e-30 5.810755e-28
5.207238e+08 7.187611e-30 2.480352e-28 7.199127e-30 3.090418e-28 7.195774e-30 4.004984e-28
5.596671e+08 5.191953e-30 1.800196e-28 5.199765e-30 2.206166e-28 5.197612e-30 2.782424e-28
6.015228e+08 3.751669e-30 1.308075e-28 3.756945e-30 1.575591e-28 3.755587e-30 1.933648e-28
6.465087e+08 2.711837e-30 9.508981e-29 2.715382e-30 1.125713e-28 2.714545e-30 1.344187e-28
6.948591e+08 1.900669e-30 6.672885e-29 1.902996e-30 7.776368e-29 1.902481e-30 9.016873e-29
7.468254e+08 1.322051e-30 4.642225e-29 1.323564e-30 5.327599e-29 1.323251e-30 5.994026e-29
8.026781e+08 9.199652e-31 3.231143e-29 9.209436e-31 3.651430e-29 9.207575e-31 3.986170e-29
8.627078e+08 6.404316e-31 2.258550e-29 6.410595e-31 2.522324e-29 6.409526e-31 2.703556e-29
9.272270e+08 4.299607e-31 1.530379e-29 4.303534e-31 1.685319e-29 4.302907e-31 1.775846e-29
9.965713e+08 2.862260e-31 1.027299e-29 2.848047e-31 1.115508e-29 2.864322e-31 1.156322e-29
1.071102e+09 1.906232e-31 6.899163e-30 1.871816e-31 7.385942e-30 1.907511e-31 7.530283e-30
1.151206e+09 1.270060e-31 4.635429e-30 1.230669e-31 4.891897e-30 1.270847e-31 4.904577e-30
1.237301e+09 8.102824e-32 2.967521e-30 7.728325e-32 3.091834e-30 8.107446e-32 3.069875e-30
1.329835e+09 5.119803e-32 1.879221e-30 4.803574e-32 1.933524e-30 5.122465e-32 1.904209e-30
1.429289e+09 3.236060e-32 1.190350e-30 2.986534e-32 1.209343e-30 3.237572e-32 1.181253e-30
1.536181e+09 1.899522e-32 7.541912e-31 1.754415e-32 7.565114e-31 1.888660e-32 7.328337e-31
1.651067e+09 1.003625e-32 4.503739e-31 9.337332e-33 4.478327e-31 1.000708e-32 4.348630e-31
1.774545e+09 5.211925e-33 2.655614e-31 4.887159e-33 2.619912e-31 5.214228e-33 2.556191e-31
1.907258e+09 2.577295e-33 1.566026e-31 2.558311e-33 1.532809e-31 2.714698e-33 1.502747e-31
2.049895e+09 1.260542e-33 9.235802e-32 1.329738e-33 8.978984e-32 1.357342e-33 8.971573e-32
2.203200e+09 5.322293e-34 5.957747e-32 5.772596e-34 5.965029e-32 5.894591e-34 5.960433e-32
2.367971e+09 2.182142e-34 3.927712e-32 2.440761e-34 3.931956e-32 2.520671e-34 3.929096e-32
2.545064e+09 8.950002e-35 2.590486e-32 1.032892e-34 2.592913e-32 1.089640e-34 2.591140e-32
2.735401e+09 3.672210e-35 1.709227e-32 4.374654e-35 1.710579e-32 4.748111e-35 1.709485e-32
2.939973e+09 1.854935e-35 1.076229e-32 1.761614e-35 1.077022e-32 2.491504e-36 1.076333e-32
3.159844e+09 9.797553e-36 6.718764e-33 7.572689e-36 6.723462e-33 1.746070e-36 6.719107e-33
3.396159e+09 4.115715e-36 4.195666e-33 3.527452e-36 4.198440e-33 1.539293e-36 4.195686e-33
3.650147e+09 1.674777e-36 2.620806e-33 1.448233e-36 2.622439e-33 1.376001e-36 2.620697e-33
3.923129e+09 0.000000e+00 1.550741e-33 0.000000e+00 1.551733e-33 0.000000e+00 1.550663e-33
4.216528e+09 0.000000e+00 9.090690e-34 0.000000e+00 9.096739e-34 0.000000e+00 9.090215e-34
4.531868e+09 0.000000e+00 5.330261e-34 0.000000e+00 5.333944e-34 0.000000e+00 5.329970e-34
4.870792e+09 0.000000e+00 3.126018e-34 0.000000e+00 3.128257e-34 0.000000e+00 3.125839e-34
5.235064e+09 0.000000e+00 1.717225e-34 0.000000e+00 1.718534e-34 0.000000e+00 1.717175e-34
5.626577e+09 0.000000e+00 9.334324e-35 0.000000e+00 9.341894e-35 0.000000e+00 9.334353e-35
6.047371e+09 0.000000e+00 5.074468e-35 0.000000e+00 5.078833e-35 0.000000e+00 5.074650e-35
6.499635e+09 0.000000e+00 2.769437e-35 0.000000e+00 2.767922e-35 0.000000e+00 2.769705e-35
6.985722e+09 0.000000e+00 1.381689e-35 0.000000e+00 1.380962e-35 0.000000e+00 1.381865e-35
7.508161e+09 0.000000e+00 6.800621e-36 0.000000e+00 6.797201e-36 0.000000e+00 6.801714e-36
8.069673e+09 0.000000e+00 3.347623e-36 0.000000e+00 3.346015e-36 0.000000e+00 3.348272e-36
8.673178e+09 0.000000e+00 1.648063e-36 0.000000e+00 1.647308e-36 0.000000e+00 1.648436e-36
9.321817e+09 0.000000e+00 7.039735e-37 0.000000e+00 7.035702e-37 0.000000e+00 7.041241e-37
1.001897e+10 0.000000e+00 2.949435e-37 0.000000e+00 2.947361e-37 0.000000e+00 2.950022e-37
1.076825e+10 0.000000e+00 1.236106e-37 0.000000e+00 1.235080e-37 0.000000e+00 1.236338e-37
1.157358e+10 0.000000e+00 5.182120e-38 0.000000e+00 5.177180e-38 0.000000e+00 5.183063e-38
1.243913e+10 0.000000e+00 1.804544e-38 0.000000e+00 2.448305e-38 0.000000e+00 7.400001e-38
1.336941e+10 0.000000e+00 9.211948e-39 0.000000e+00 1.389976e-38 0.000000e+00 3.893495e-38
1.436927e+10 0.000000e+00 5.290916e-39 0.000000e+00 8.066757e-39 0.000000e+00 2.179836e-38
1.544390e+10 0.000000e+00 3.084842e-39 0.000000e+00 4.764928e-39 0.000000e+00 1.261635e-38
1.659890e+10 0.000000e+00 5.989303e-41 0.000000e+00 7.020513e-41 0.000000e+00 3.898402e-40
1.784028e+10 0.000000e+00 3.505485e-41 0.000000e+00 4.045286e-41 0.000000e+00 6.380157e-40
1.917449e+10 0.000000e+00 2.951278e-41 0.000000e+00 3.300719e-41 0.000000e+00 1.189034e-39
2.060849e+10 0.000000e+00 3.180152e-41 0.000000e+00 3.005403e-41 0.000000e+00 2.256376e-39
2.214974e+10 0.000000e+00 1.286540e-41 0.000000e+00 2.433355e-42 0.000000e+00 1.657954e-42
2.380624e+10 0.000000e+00 6.544361e-42 0.000000e+00 1.059538e-42 0.000000e+00 8.354956e-43
2.558664e+10 0.000000e+00 3.944440e-42 0.000000e+00 5.493195e-43 0.000000e+00 5.765433e-43
2.750018e+10 0.000000e+00 3.134670e-42 0.000000e+00 3.649685e-43 0.000000e+00 5.901602e-43
2.955683e+10 0.000000e+00 1.667920e-41 0.000000e+00 3.126543e-42 0.000000e+00 3.075005e-42
3.176729e+10 0.000000e+00 6.332851e-42 0.000000e+00 1.150234e-42 0.000000e+00 1.101482e-42
3.414307e+10 0.000000e+00 2.839474e-42 0.000000e+00 4.693308e-43 0.000000e+00 4.916551e-43
3.669652e+10 0.000000e+00 2.342977e-42 0.000000e+00 2.506231e-43 0.000000e+00 2.424136e-43
3.944093e+10 0.000000e+00 2.087318e-42 0.000000e+00 8.224116e-42 0.000000e+00 1.055255e-42
4.239059e+10 0.000000e+00 1.856002e-42 0.000000e+00 3.374781e-42 0.000000e+00 3.736704e-43
4.556085e+10 0.000000e+00 1.650893e-42 0.000000e+00 1.426516e-42 0.000000e+00 1.487901e-43
4.896820e+10 0.000000e+00 1.468958e-42 0.000000e+00 6.494099e-43 0.000000e+00 1.251373e-43
5.263038e+10 0.000000e+00 1.319087e-42 0.000000e+00 6.296860e-43 0.000000e+00 1.814426e-42
5.656644e+10 0.000000e+00 1.185270e-42 0.000000e+00 4.274409e-43 0.000000e+00 8.269683e-43
6.079686e+10 0.000000e+00 1.065040e-42 0.000000e+00 3.731908e-43 0.000000e+00 4.218320e-43
6.534366e+10 0.000000e+00 9.570171e-43 0.000000e+00 3.835905e-43 0.000000e+00 2.239574e-43
7.023051e+10 0.000000e+00 8.487897e-43 0.000000e+00 3.616339e-43 0.000000e+00 4.562006e-43
7.548282e+10 0.000000e+00 7.522138e-43 0.000000e+00 3.007928e-43 0.000000e+00 2.956733e-43
8.112794e+10 0.000000e+00 6.666303e-43 0.000000e+00 2.715549e-43 0.000000e+00 2.130303e-43
8.719524e+10 0.000000e+00 5.907876e-43 0.000000e+00 2.704810e-43 0.000000e+00 1.797880e-43
9.371630e+10 0.000000e+00 5.168153e-43 0.000000e+00 2.253126e-43 0.000000e+00 1.369998e-43
1.007250e+11 0.000000e+00 4.518143e-43 0.000000e+00 1.858518e-43 0.000000e+00 1.073674e-43
1.082579e+11 0.000000e+00 3.949906e-43 0.000000e+00 1.534569e-43 0.000000e+00 8.492475e-44
1.163542e+11 0.000000e+00 3.453154e-43 0.000000e+00 1.268345e-43 0.000000e+00 6.778348e-44
1.250560e+11 0.000000e+00 2.971538e-43 0.000000e+00 1.055267e-43 0.000000e+00 5.580338e-44
1.344085e+11 0.000000e+00 2.555499e-43 0.000000e+00 8.782592e-44 0.000000e+00 4.602560e-44
1.444605e+11 0.000000e+00 2.197721e-43 0.000000e+00 7.309921e-44 0.000000e+00 3.799255e-44
1.552642e+11 0.000000e+00 1.890043e-43 0.000000e+00 6.086254e-44 0.000000e+00 3.138803e-44
1.668760e+11 0.000000e+00 1.594156e-43 0.000000e+00 5.032272e-44 0.000000e+00 2.543767e-44
1.793561e+11 0.000000e+00 1.343817e-43 0.000000e+00 4.159013e-44 0.000000e+00 2.060450e-44
1.927695e+11 0.000000e+00 1.132799e-43 0.000000e+00 3.437330e-44 0.000000e+00 1.669069e-44
2.071862e+11 0.000000e+00 9.549232e-44 0.000000e+00 2.840907e-44 0.000000e+00 1.352117e-44
2.226810e+11 0.000000e+00 7.848799e-44 0.000000e+00 2.375781e-44 0.000000e+00 1.139304e-44
2.393346e+11 0.000000e+00 6.447937e-44 0.000000e+00 1.987304e-44 0.000000e+00 9.607778e-45
2.572336e+11 0.000000e+00 5.297164e-44 0.000000e+00 1.662368e-44 0.000000e+00 8.152741e-45
2.764713e+11 0.000000e+00 4.351822e-44 0.000000e+00 1.390578e-44 0.000000e+00 6.957943e-45
2.971477e+11 0.000000e+00 3.458397e-44 0.000000e+00 1.196887e-44 0.000000e+00 6.146233e-45
3.193704e+11 0.000000e+00 2.747483e-44 0.000000e+00 1.030519e-44 0.000000e+00 5.534262e-45
3.432551e+11 0.000000e+00 2.182760e-44 0.000000e+00 8.873012e-45 0.000000e+00 5.007606e-45
3.689261e+11 0.000000e+00 1.734156e-44 0.000000e+00 7.640094e-45 0.000000e+00 4.531116e-45
3.965169e+11 0.000000e+00 1.318921e-44 0.000000e+00 6.756995e-45 0.000000e+00 4.070968e-45
4.261711e+11 0.000000e+00 1.003103e-44 0.000000e+00 5.976277e-45 0.000000e+00 3.657546e-45
4.580431e+11 0.000000e+00 7.629474e-45 0.000000e+00 5.285843e-45 0.000000e+00 3.286136e-45
4.922987e+11 0.000000e+00 5.800726e-45 0.000000e+00 4.675619e-45 0.000000e+00 2.952063e-45
5.291162e+11 0.000000e+00 4.182629e-45 0.000000e+00 4.177916e-45 0.000000e+00 2.606732e-45
5.686871e+11 0.000000e+00 3.016134e-45 0.000000e+00 3.733197e-45 0.000000e+00 2.301817e-45
6.112174e+11 0.000000e+00 2.175135e-45 0.000000e+00 3.335821e-45 0.000000e+00 2.032586e-45
6.569284e+11 0.000000e+00 1.566745e-45 0.000000e+00 2.980539e-45 0.000000e+00 1.794317e-45
7.060579e+11 0.000000e+00 1.048494e-45 0.000000e+00 2.652384e-45 0.000000e+00 1.556719e-45
7.588618e+11 0.000000e+00 7.017665e-46 0.000000e+00 2.360361e-45 0.000000e+00 1.350591e-45
8.156146e+11 0.000000e+00 4.697614e-46 0.000000e+00 2.100491e-45 0.000000e+00 1.171765e-45
8.766118e+11 0.000000e+00 3.136835e-46 0.000000e+00 1.868718e-45 0.000000e+00 1.028774e-45
9.421709e+11 0.000000e+00 1.903243e-46 0.000000e+00 1.645632e-45 0.000000e+00 8.960514e-46
1.012633e+12 0.000000e+00 1.154935e-46 0.000000e+00 1.449182e-45 0.000000e+00 7.804539e-46
1.088364e+12 0.000000e+00 7.009402e-47 0.000000e+00 1.276187e-45 0.000000e+00 6.797716e-46
1.169760e+12 0.000000e+00 4.210018e-47 0.000000e+00 1.123353e-45 0.000000e+00 5.918067e-46
1.257242e+12 0.000000e+00 1.903699e-47 0.000000e+00 9.771287e-46 0.000000e+00 5.088263e-46
1.351267e+12 0.000000e+00 8.643643e-48 0.000000e+00 8.499409e-46 0.000000e+00 4.376775e-46
1.452324e+12 0.000000e+00 4.044277e-48 0.000000e+00 7.393110e-46 0.000000e+00 3.768816e-46
1.560939e+12 0.000000e+00 1.234184e-47 0.000000e+00 6.427154e-46 0.000000e+00 3.243095e-46
1.677677e+12 0.000000e+00 1.060976e-47 0.000000e+00 5.519780e-46 0.000000e+00 2.750252e-46
1.803145e+12 0.000000e+00 9.136210e-48 0.000000e+00 4.740521e-46 0.000000e+00 2.332311e-46
1.937996e+12 0.000000e+00 8.109941e-48 0.000000e+00 4.071288e-46 0.000000e+00 1.977888e-46
2.082933e+12 0.000000e+00 7.224995e-48 0.000000e+00 3.493883e-46 0.000000e+00 1.675585e-46
2.238709e+12 0.000000e+00 6.176423e-48 0.000000e+00 2.958719e-46 0.000000e+00 1.393892e-46
2.406135e+12 0.000000e+00 5.378783e-48 0.000000e+00 2.505533e-46 0.000000e+00 1.159559e-46
2.586082e+12 0.000000e+00 4.684468e-48 0.000000e+00 2.121766e-46 0.000000e+00 9.646214e-47
2.779487e+12 0.000000e+00 4.069238e-48 0.000000e+00 1.794681e-46 0.000000e+00 8.010978e-47
2.987356e+12 0.000000e+00 3.398877e-48 0.000000e+00 1.491933e-46 0.000000e+00 6.488160e-47
3.210770e+12 0.000000e+00 2.839105e-48 0.000000e+00 1.240258e-46 0.000000e+00 5.254841e-47
3.450894e+12 0.000000e+00 2.371651e-48 0.000000e+00 1.031040e-46 0.000000e+00 4.255980e-47
3.708975e+12 0.000000e+00 1.974051e-48 0.000000e+00 8.555129e-47 0.000000e+00 3.437333e-47
3.986358e+12 0.000000e+00 1.568267e-48 0.000000e+00 6.930814e-47 0.000000e+00 2.692460e-47
4.284485e+12 0.000000e+00 1.245964e-48 0.000000e+00 5.614927e-47 0.000000e+00 2.255385e-47
4.604907e+12 0.000000e+00 9.899537e-49 0.000000e+00 4.548896e-47 0.000000e+00 1.910230e-47
4.949294e+12 0.000000e+00 7.839088e-49 0.000000e+00 3.674469e-47 0.000000e+00 2.021100e-47
5.319436e+12 0.000000e+00 5.974306e-49 0.000000e+00 2.871886e-47 0.000000e+00 1.853423e-47
5.717259e+12 0.000000e+00 4.553222e-49 0.000000e+00 2.256401e-47 0.000000e+00 1.699770e-47
6.144835e+12 0.000000e+00 3.470242e-49 0.000000e+00 1.774391e-47 0.000000e+00 1.558959e-47
6.604388e+12 0.000000e+00 2.635485e-49 0.000000e+00 1.390421e-47 0.000000e+00 1.419821e-47
7.098309e+12 0.000000e+00 1.931520e-49 0.000000e+00 1.049624e-47 0.000000e+00 1.204886e-47
7.629169e+12 0.000000e+00 1.415657e-49 0.000000e+00 7.923859e-48 0.000000e+00 1.022533e-47
8.199730e+12 0.000000e+00 1.037618e-49 0.000000e+00 5.982121e-48 0.000000e+00 8.678177e-48
8.812962e+12 0.000000e+00 7.584240e-50 0.000000e+00 4.488821e-48 0.000000e+00 7.319061e-48
9.472055e+12 0.000000e+00 5.405500e-50 0.000000e+00 3.188470e-48 0.000000e+00 5.832753e-48
1.018044e+13 0.000000e+00 3.853210e-50 0.000000e+00 2.264927e-48 0.000000e+00 4.648415e-48
1.094180e+13 0.000000e+00 2.747086e-50 0.000000e+00 1.608968e-48 0.000000e+00 3.704669e-48
1.176010e+13 0.000000e+00 1.953679e-50 0.000000e+00 1.131928e-48 0.000000e+00 2.932720e-48
1.263961e+13 0.000000e+00 1.360498e-50 0.000000e+00 7.355205e-49 0.000000e+00 2.197442e-48
1.358488e+13 0.000000e+00 9.475734e-51 0.000000e+00 4.779535e-49 0.000000e+00 1.646542e-48
1.460085e+13 0.000000e+00 6.600829e-51 0.000000e+00 3.402728e-49 0.000000e+00 1.233777e-48
1.569280e+13 0.000000e+00 4.585841e-51 0.000000e+00 2.465385e-49 0.000000e+00 9.158978e-49
1.686642e+13 0.000000e+00 3.119641e-51 0.000000e+00 1.696273e-49 0.000000e+00 6.343223e-49
1.812780e+13 0.000000e+00 2.122273e-51 0.000000e+00 1.167113e-49 0.000000e+00 4.393210e-49
1.948352e+13 0.000000e+00 1.443806e-51 0.000000e+00 8.030383e-50 0.000000e+00 3.048157e-49
2.094063e+13 0.000000e+00 9.792070e-52 0.000000e+00 5.474786e-50 0.000000e+00 2.078830e-49
2.250672e+13 0.000000e+00 6.501813e-52 0.000000e+00 3.505551e-50 0.000000e+00 1.245111e-49
2.418992e+13 0.000000e+00 4.317270e-52 0.000000e+00 2.244688e-50 0.000000e+00 7.458313e-50
2.599901e+13 0.000000e+00 2.866808e-52 0.000000e+00 1.437362e-50 0.000000e+00 4.468037e-50
2.794339e+13 0.000000e+00 1.906522e-52 0.000000e+00 9.101715e-51 0.000000e+00 2.263760e-50
3.003319e+13 0.000000e+00 1.279707e-52 0.000000e+00 5.371920e-51 0.000000e+00 1.126574e-50
3.227928e+13 0.000000e+00 8.589771e-53 0.000000e+00 3.170974e-51 0.000000e+00 5.611912e-51
3.469334e+13 0.000000e+00 5.765735e-53 0.000000e+00 1.972333e-51 0.000000e+00 2.798167e-51
3.728795e+13 0.000000e+00 2.988333e-53 0.000000e+00 1.523327e-51 0.000000e+00 6.329513e-51
4.007659e+13 0.000000e+00 2.017053e-53 0.000000e+00 1.325367e-51 0.000000e+00 6.403712e-51
4.307379e+13 0.000000e+00 1.361858e-53 0.000000e+00 1.197730e-51 0.000000e+00 6.479066e-51
4.629514e+13 0.000000e+00 9.197565e-54 0.000000e+00 1.221292e-51 0.000000e+00 6.555594e-51
4.975741e+13 0.000000e+00 7.479482e-54 0.000000e+00 3.659022e-52 0.000000e+00 8.180108e-51
5.347861e+13 0.000000e+00 1.102366e-53 0.000000e+00 1.931227e-52 0.000000e+00 9.711352e-51
5.747810e+13 0.000000e+00 1.642960e-53 0.000000e+00 1.078533e-52 0.000000e+00 1.152977e-50
6.177671e+13 0.000000e+00 2.477612e-53 0.000000e+00 7.026505e-53 0.000000e+00 1.368931e-50
6.639679e+13 0.000000e+00 3.820784e-53 0.000000e+00 8.183282e-52 0.000000e+00 1.584425e-50
7.136240e+13 0.000000e+00 3.920910e-53 0.000000e+00 9.033861e-52 0.000000e+00 1.611403e-50
7.669936e+13 0.000000e+00 4.023668e-53 0.000000e+00 9.972918e-52 0.000000e+00 1.638842e-50
8.243546e+13 0.000000e+00 4.129127e-53 0.000000e+00 1.100966e-51 0.000000e+00 1.666747e-50
8.860055e+13 0.000000e+00 0.000000e+00 0.000000e+00 0.000000e+00 0.000000e+00 0.000000e+00
9.522670e+13 0.000000e+00 0.000000e+00 0.000000e+00 0.000000e+00 0.000000e+00 0.000000e+00
1.023484e+14 0.000000e+00 0.000000e+00 0.000000e+00 0.000000e+00 0.000000e+00 0.000000e+00
1.100027e+14 0.000000e+00 0.000000e+00 0.000000e+00 0.000000e+00 0.000000e+00 0.000000e+00
1.182295e+14 0.000000e+00 0.000000e+00 0.000000e+00 0.000000e+00 0.000000e+00 0.000000e+00
1.270715e+14 0.000000e+00 0.000000e+00 0.000000e+00 0.000000e+00 0.000000e+00 0.000000e+00
1.365747e+14 0.000000e+00 0.000000e+00 0.000000e+00 0.000000e+00 0.000000e+00 0.000000e+00
1.467887e+14 0.000000e+00 0.000000e+00 0.000000e+00 0.000000e+00 0.000000e+00 0.000000e+00
1.577666e+14 0.000000e+00 0.000000e+00 0.000000e+00 0.000000e+00 0.000000e+00 0.000000e+00
1.695655e+14 0.000000e+00 0.000000e+00 0.000000e+00 0.000000e+00 0.000000e+00 0.000000e+00
1.822467e+14 0.000000e+00 0.000000e+00 0.000000e+00 0.000000e+00 0.000000e+00 0.000000e+00
1.958764e+14 0.000000e+00 0.000000e+00 0.000000e+00 0.000000e+00 0.000000e+00 0.000000e+00
2.105253e+14 0.000000e+00 0.000000e+00 0.000000e+00 0.000000e+00 0.000000e+00 0.000000e+00
2.262699e+14 0.000000e+00 0.000000e+00 0.000000e+00 0.000000e+00 0.000000e+00 0.000000e+00
2.431919e+14 0.000000e+00 0.000000e+00 0.000000e+00 0.000000e+00 0.000000e+00 0.000000e+00
2.613794e+14 0.000000e+00 0.000000e+00 0.000000e+00 0.000000e+00 0.000000e+00 0.000000e+00
2.809271e+14 0.000000e+00 0.000000e+00 0.000000e+00 0.000000e+00 0.000000e+00 0.000000e+00
3.019368e+14 0.000000e+00 0.000000e+00 0.000000e+00 0.000000e+00 0.000000e+00 0.000000e+00
3.245177e+14 0.000000e+00 0.000000e+00 0.000000e+00 0.000000e+00 0.000000e+00 0.000000e+00
3.487873e+14 0.000000e+00 0.000000e+00 0.000000e+00 0.000000e+00 0.000000e+00 0.000000e+00
3.748720e+14 0.000000e+00 0.000000e+00 0.000000e+00 0.000000e+00 0.000000e+00 0.000000e+00
4.029075e+14 0.000000e+00 0.000000e+00 0.000000e+00 0.000000e+00 0.000000e+00 0.000000e+00
4.330396e+14 0.000000e+00 0.000000e+00 0.000000e+00 0.000000e+00 0.000000e+00 0.000000e+00
4.654253e+14 0.000000e+00 0.000000e+00 0.000000e+00 0.000000e+00 0.000000e+00 0.000000e+00
5.002330e+14 0.000000e+00 0.000000e+00 0.000000e+00 0.000000e+00 0.000000e+00 0.000000e+00
5.376438e+14 0.000000e+00 0.000000e+00 0.000000e+00 0.000000e+00 0.000000e+00 0.000000e+00
5.778525e+14 0.000000e+00 0.000000e+00 0.000000e+00 0.000000e+00 0.000000e+00 0.000000e+00
6.210682e+14 0.000000e+00 0.000000e+00 0.000000e+00 0.000000e+00 0.000000e+00 0.000000e+00
6.675159e+14 0.000000e+00 0.000000e+00 0.000000e+00 0.000000e+00 0.000000e+00 0.000000e+00
7.174373e+14 0.000000e+00 0.000000e+00 0.000000e+00 0.000000e+00 0.000000e+00 0.000000e+00
7.710922e+14 0.000000e+00 0.000000e+00 0.000000e+00 0.000000e+00 0.000000e+00 0.000000e+00
8.287597e+14 0.000000e+00 0.000000e+00 0.000000e+00 0.000000e+00 0.000000e+00 0.000000e+00
8.907400e+14 0.000000e+00 0.000000e+00 0.000000e+00 0.000000e+00 0.000000e+00 0.000000e+00
9.573556e+14 0.000000e+00 0.000000e+00 0.000000e+00 0.000000e+00 0.000000e+00 0.000000e+00
1.028953e+15 0.000000e+00 0.000000e+00 0.000000e+00 0.000000e+00 0.000000e+00 0.000000e+00
1.105905e+15 0.000000e+00 0.000000e+00 0.000000e+00 0.000000e+00 0.000000e+00 0.000000e+00
1.188612e+15 0.000000e+00 0.000000e+00 0.000000e+00 0.000000e+00 0.000000e+00 0.000000e+00
1.277505e+15 0.000000e+00 0.000000e+00 0.000000e+00 0.000000e+00 0.000000e+00 0.000000e+00
1.373045e+15 0.000000e+00 0.000000e+00 0.000000e+00 0.000000e+00 0.000000e+00 0.000000e+00
1.475731e+15 0.000000e+00 0.000000e+00 0.000000e+00 0.000000e+00 0.000000e+00 0.000000e+00
1.586096e+15 0.000000e+00 0.000000e+00 0.000000e+00 0.000000e+00 0.000000e+00 0.000000e+00
1.704716e+15 0.000000e+00 0.000000e+00 0.000000e+00 0.000000e+00 0.000000e+00 0.000000e+00
1.832206e+15 0.000000e+00 0.000000e+00 0.000000e+00 0.000000e+00 0.000000e+00 0.000000e+00
1.969231e+15 0.000000e+00 0.000000e+00 0.000000e+00 0.000000e+00 0.000000e+00 0.000000e+00
2.116503e+15 0.000000e+00 0.000000e+00 0.000000e+00 0.000000e+00 0.000000e+00 0.000000e+00
2.274790e+15 0.000000e+00 0.000000e+00 0.000000e+00 0.000000e+00 0.000000e+00 0.000000e+00
2.444914e+15 0.000000e+00 0.000000e+00 0.000000e+00 0.000000e+00 0.000000e+00 0.000000e+00
2.627761e+15 0.000000e+00 0.000000e+00 0.000000e+00 0.000000e+00 0.000000e+00 0.000000e+00
2.824283e+15 0.000000e+00 0.000000e+00 0.000000e+00 0.000000e+00 0.000000e+00 0.000000e+00
3.035502e+15 0.000000e+00 0.000000e+00 0.000000e+00 0.000000e+00 0.000000e+00 0.000000e+00
3.262518e+15 0.000000e+00 0.000000e+00 0.000000e+00 0.000000e+00 0.000000e+00 0.000000e+00
3.506511e+15 0.000000e+00 0.000000e+00 0.000000e+00 0.000000e+00 0.000000e+00 0.000000e+00
3.768752e+15 0.000000e+00 0.000000e+00 0.000000e+00 0.000000e+00 0.000000e+00 0.000000e+00
4.050605e+15 0.000000e+00 0.000000e+00 0.000000e+00 0.000000e+00 0.000000e+00 0.000000e+00
4.353537e+15 0.000000e+00 0.000000e+00 0.000000e+00 0.000000e+00 0.000000e+00 0.000000e+00
4.679124e+15 0.000000e+00 0.000000e+00 0.000000e+00 0.000000e+00 0.000000e+00 0.000000e+00
5.029060e+15 0.000000e+00 0.000000e+00 0.000000e+00 0.000000e+00 0.000000e+00 0.000000e+00
5.405168e+15 0.000000e+00 0.000000e+00 0.000000e+00 0.000000e+00 0.000000e+00 0.000000e+00
